#
# A fatal error has been detected by the Java Runtime Environment:
#
#  EXCEPTION_ACCESS_VIOLATION (0xc0000005) at pc=0x00007ffa8383e895, pid=20464, tid=18476
#
# JRE version: OpenJDK Runtime Environment (17.0.9) (build 17.0.9+0--11185874)
# Java VM: OpenJDK 64-Bit Server VM (17.0.9+0--11185874, mixed mode, tiered, compressed oops, compressed class ptrs, g1 gc, windows-amd64)
# Problematic frame:
# V  [jvm.dll+0x6ae895]
#
# No core dump will be written. Minidumps are not enabled by default on client versions of Windows
#
# If you would like to submit a bug report, please visit:
#   https://bugreport.java.com/bugreport/crash.jsp
#

---------------  S U M M A R Y ------------

Command Line: --add-opens=java.base/java.util=ALL-UNNAMED --add-opens=java.base/java.lang=ALL-UNNAMED --add-opens=java.base/java.lang.invoke=ALL-UNNAMED --add-opens=java.prefs/java.util.prefs=ALL-UNNAMED --add-opens=java.base/java.nio.charset=ALL-UNNAMED --add-opens=java.base/java.net=ALL-UNNAMED --add-opens=java.base/java.util.concurrent.atomic=ALL-UNNAMED -Xmx2048m -Dfile.encoding=UTF-8 -Duser.country=US -Duser.language=en -Duser.variant -javaagent:C:\Users\caden\.gradle\wrapper\dists\gradle-8.4-bin\1w5dpkrfk8irigvoxmyhowfim\gradle-8.4\lib\agents\gradle-instrumentation-agent-8.4.jar org.gradle.launcher.daemon.bootstrap.GradleDaemon 8.4

Host: AMD Ryzen 5 3600X 6-Core Processor             , 12 cores, 31G,  Windows 10 , 64 bit Build 19041 (10.0.19041.4842)
Time: Thu Nov 14 19:54:33 2024 Pacific Standard Time elapsed time: 13.097939 seconds (0d 0h 0m 13s)

---------------  T H R E A D  ---------------

Current thread (0x0000018416597d00):  JavaThread "C2 CompilerThread2" daemon [_thread_in_native, id=18476, stack(0x0000004b40600000,0x0000004b40700000)]


Current CompileTask:
C2:  13097 4589       4       jdk.internal.org.objectweb.asm.Frame::execute (2305 bytes)

Stack: [0x0000004b40600000,0x0000004b40700000],  sp=0x0000004b406fb400,  free space=1005k
Native frames: (J=compiled Java code, j=interpreted, Vv=VM code, C=native code)
V  [jvm.dll+0x6ae895]
V  [jvm.dll+0x6af5bb]
V  [jvm.dll+0x6ad6fa]
V  [jvm.dll+0x21fb18]
V  [jvm.dll+0x21d0c1]
V  [jvm.dll+0x1a674d]
V  [jvm.dll+0x22d088]
V  [jvm.dll+0x22b1c0]
V  [jvm.dll+0x7f62f7]
V  [jvm.dll+0x7f06aa]
V  [jvm.dll+0x687565]
C  [ucrtbase.dll+0x21bb2]
C  [KERNEL32.DLL+0x17374]
C  [ntdll.dll+0x4cc91]


siginfo: EXCEPTION_ACCESS_VIOLATION (0xc0000005), reading address 0x0000000000000828


Registers:
RAX=0x0000000000000800, RBX=0x0000004b406fcb30, RCX=0x0000000000000007, RDX=0x00000000000000ad
RSP=0x0000004b406fb400, RBP=0x0000004b406fb479, RSI=0x0000000000000001, RDI=0x0000004b406fb460
R8 =0x000000000002ec28, R9 =0x0000018419cc00a0, R10=0x000000000000227b, R11=0x00000184173ccbe0
R12=0x0000004b406fcb30, R13=0x0000000000000000, R14=0x0000000000000002, R15=0x000001847f889520
RIP=0x00007ffa8383e895, EFLAGS=0x0000000000010283


Register to memory mapping:

RIP=0x00007ffa8383e895 jvm.dll
RAX=0x0000000000000800 is an unknown value
RBX=0x0000004b406fcb30 is pointing into the stack for thread: 0x0000018416597d00
RCX=0x0000000000000007 is an unknown value
RDX=0x00000000000000ad is an unknown value
RSP=0x0000004b406fb400 is pointing into the stack for thread: 0x0000018416597d00
RBP=0x0000004b406fb479 is pointing into the stack for thread: 0x0000018416597d00
RSI=0x0000000000000001 is an unknown value
RDI=0x0000004b406fb460 is pointing into the stack for thread: 0x0000018416597d00
R8 =0x000000000002ec28 is an unknown value
R9 =0x0000018419cc00a0 points into unknown readable memory: 0x0000000000000000 | 00 00 00 00 00 00 00 00
R10=0x000000000000227b is an unknown value
R11=0x00000184173ccbe0 points into unknown readable memory: 0x00007ffa83a4f768 | 68 f7 a4 83 fa 7f 00 00
R12=0x0000004b406fcb30 is pointing into the stack for thread: 0x0000018416597d00
R13=0x0 is NULL
R14=0x0000000000000002 is an unknown value
R15=0x000001847f889520 points into unknown readable memory: 0x0000000000000000 | 00 00 00 00 00 00 00 00


Top of Stack: (sp=0x0000004b406fb400)
0x0000004b406fb400:   00000184162d4dd8 00007ffa8383f5bb
0x0000004b406fb410:   0000000000000000 0000004b406fb479
0x0000004b406fb420:   00000184162d4dd8 0000000000000001
0x0000004b406fb430:   0000000000000008 0000000000000000
0x0000004b406fb440:   0000018415ca05e0 0000018400002000
0x0000004b406fb450:   000001841a227020 0000018400001ffd
0x0000004b406fb460:   0000018400000200 000001841889e920
0x0000004b406fb470:   0000018400000200 0000018415ca05e0
0x0000004b406fb480:   0000004b00000000 0000004b406fb610
0x0000004b406fb490:   0000004b406fd558 000001847f889520
0x0000004b406fb4a0:   0000000000000000 0000018475b3bcd0
0x0000004b406fb4b0:   00007ffa83addf78 0000000000000000
0x0000004b406fb4c0:   0000004b406fcb30 0000000000000050
0x0000004b406fb4d0:   0000004b406fb610 00007ffa8383d6fa
0x0000004b406fb4e0:   0000004b406fcb30 00000184162d4d50
0x0000004b406fb4f0:   00000184191cc748 0000004b406fcb50
0x0000004b406fb500:   0000004b406fe690 00007ffa833afb18
0x0000004b406fb510:   0000004b406fe690 0000000000000000
0x0000004b406fb520:   0000000000000000 0000004b406fb610
0x0000004b406fb530:   0000000000000000 00007ffa836fd420
0x0000004b406fb540:   0000004b406f0000 0000000000000000
0x0000004b406fb550:   0000018417d13e40 0000000000000000
0x0000004b406fb560:   0000018400000002 00007ffa83addf40
0x0000004b406fb570:   0000000000000000 0000004b406fe690
0x0000004b406fb580:   0000000000000000 00007ffa83addf40
0x0000004b406fb590:   0000004b406fb700 00007ffa83ada428
0x0000004b406fb5a0:   0000000000000000 0000018416597d00
0x0000004b406fb5b0:   0000018415ca0000 0000000000000000
0x0000004b406fb5c0:   0000018418eef250 0000018418ef4800
0x0000004b406fb5d0:   00000000000302e8 00007ffa83addf78
0x0000004b406fb5e0:   0000000000000000 0000000000000000
0x0000004b406fb5f0:   0000000000000000 00007ffa83addf78 

Instructions: (pc=0x00007ffa8383e895)
0x00007ffa8383e795:   48 3b 4f 20 76 11 45 33 c0 48 8b cf 41 8d 50 10
0x00007ffa8383e7a5:   e8 b6 e2 9f ff eb 04 48 89 4f 18 48 89 43 50 4c
0x00007ffa8383e7b5:   89 20 8b 6b 48 8d 56 01 85 d2 74 04 85 d6 74 0c
0x00007ffa8383e7c5:   0f bd ca ba 01 00 00 00 ff c1 d3 e2 48 8b 4b 40
0x00007ffa8383e7d5:   48 8d 3c ed 00 00 00 00 44 8b ca 4c 8b c7 89 53
0x00007ffa8383e7e5:   48 48 8b 53 50 49 c1 e1 03 44 89 64 24 20 e8 c8
0x00007ffa8383e7f5:   dc 9f ff 44 8b 43 48 33 d2 44 2b c5 48 89 43 50
0x00007ffa8383e805:   49 c1 e0 03 48 8d 0c 07 e8 10 02 1f 00 48 8b 43
0x00007ffa8383e815:   50 4d 89 3c 06 ff c6 3b 73 48 0f 82 0b ff ff ff
0x00007ffa8383e825:   4c 8b 7c 24 68 4c 8b 74 24 60 48 8b 7c 24 58 48
0x00007ffa8383e835:   8b 6c 24 50 48 83 c4 30 41 5c 5e 5b c3 cc cc cc
0x00007ffa8383e845:   cc cc cc cc cc cc cc cc cc cc cc 48 89 5c 24 08
0x00007ffa8383e855:   57 8b 81 90 09 00 00 48 8b fa 4c 8b 99 a8 09 00
0x00007ffa8383e865:   00 48 8b d9 85 c0 74 53 45 33 c0 44 8b d0 0f 1f
0x00007ffa8383e875:   40 00 66 0f 1f 84 00 00 00 00 00 4c 8b 8b a0 09
0x00007ffa8383e885:   00 00 4b 8b 04 01 48 85 c0 74 26 49 3b c3 74 21
0x00007ffa8383e895:   8b 48 28 8b c1 c1 e8 05 3b 07 73 11 8b d0 83 e1
0x00007ffa8383e8a5:   1f 48 8b 47 08 8b 04 90 0f a3 c8 72 04 4f 89 1c
0x00007ffa8383e8b5:   01 49 83 c0 08 49 83 ea 01 75 c0 48 8d 4b 58 33
0x00007ffa8383e8c5:   d2 41 b8 30 09 00 00 48 8b 5c 24 10 5f e9 4b 01
0x00007ffa8383e8d5:   1f 00 cc cc cc cc cc cc cc cc cc 40 53 41 55 41
0x00007ffa8383e8e5:   57 48 83 ec 40 4c 8b e9 48 8b da 48 8b 49 10 48
0x00007ffa8383e8f5:   89 4c 24 70 45 8b 7d 20 49 ff cf 4e 8d 3c f9 4c
0x00007ffa8383e905:   89 7c 24 60 4c 3b f9 0f 82 e3 01 00 00 44 8b 05
0x00007ffa8383e915:   df 43 53 00 65 48 8b 04 25 58 00 00 00 48 89 6c
0x00007ffa8383e925:   24 68 48 89 74 24 38 48 89 7c 24 30 4c 89 64 24
0x00007ffa8383e935:   28 4e 8d 24 c0 4c 89 74 24 20 90 49 8b 3f 45 33
0x00007ffa8383e945:   f6 33 ed 44 8b 47 1c 45 85 c0 0f 84 6f 01 00 00
0x00007ffa8383e955:   41 bf 50 00 00 00 0f 1f 44 00 00 4c 8b 4f 08 48
0x00007ffa8383e965:   8d 34 ed 00 00 00 00 4e 8b 14 0e 4e 8d 1c 0e 4d
0x00007ffa8383e975:   3b d5 0f 85 2e 01 00 00 8b 47 18 3b e8 73 7d 4d
0x00007ffa8383e985:   85 d2 74 2e 49 8b 4a 10 48 85 c9 74 25 41 8b 42 


Stack slot to memory mapping:
stack at sp + 0 slots: 0x00000184162d4dd8 points into unknown readable memory: 0x00007ffa83acbe48 | 48 be ac 83 fa 7f 00 00
stack at sp + 1 slots: 0x00007ffa8383f5bb jvm.dll
stack at sp + 2 slots: 0x0 is NULL
stack at sp + 3 slots: 0x0000004b406fb479 is pointing into the stack for thread: 0x0000018416597d00
stack at sp + 4 slots: 0x00000184162d4dd8 points into unknown readable memory: 0x00007ffa83acbe48 | 48 be ac 83 fa 7f 00 00
stack at sp + 5 slots: 0x0000000000000001 is an unknown value
stack at sp + 6 slots: 0x0000000000000008 is an unknown value
stack at sp + 7 slots: 0x0 is NULL


---------------  P R O C E S S  ---------------

Threads class SMR info:
_java_thread_list=0x000001847f1947a0, length=44, elements={
0x0000018475b24620, 0x000001847eee3a50, 0x000001847eee4920, 0x000001847ef00170,
0x000001847ef00a40, 0x000001847ef42020, 0x000001847ef42b10, 0x000001847ef43d30,
0x000001847ef47f50, 0x000001847ef52880, 0x000001847f0ee930, 0x000001847f190830,
0x0000018416923940, 0x0000018416b9f3c0, 0x00000184160481b0, 0x00000184178a7430,
0x0000018416e071e0, 0x0000018416bb2b70, 0x0000018417029450, 0x0000018416cc68e0,
0x0000018416cc4570, 0x0000018416cc63d0, 0x0000018416cc59b0, 0x0000018416cc7300,
0x0000018416cc6df0, 0x0000018416cc4a80, 0x0000018416cc54a0, 0x0000018416cc5ec0,
0x0000018416cc7810, 0x0000018416cc4060, 0x0000018416feab80, 0x0000018416fe8d20,
0x0000018416fe78e0, 0x000001841719a4f0, 0x0000018416597d00, 0x0000018416fe5a80,
0x0000018416fea670, 0x0000018416feb090, 0x0000018416fe4130, 0x0000018416fe9740,
0x0000018416fe5060, 0x0000018416fe69b0, 0x0000018416fe9c50, 0x0000018416fe64a0
}

Java Threads: ( => current thread )
  0x0000018475b24620 JavaThread "main" [_thread_blocked, id=16396, stack(0x0000004b3d200000,0x0000004b3d300000)]
  0x000001847eee3a50 JavaThread "Reference Handler" daemon [_thread_blocked, id=12544, stack(0x0000004b3d900000,0x0000004b3da00000)]
  0x000001847eee4920 JavaThread "Finalizer" daemon [_thread_blocked, id=7228, stack(0x0000004b3da00000,0x0000004b3db00000)]
  0x000001847ef00170 JavaThread "Signal Dispatcher" daemon [_thread_blocked, id=11820, stack(0x0000004b3db00000,0x0000004b3dc00000)]
  0x000001847ef00a40 JavaThread "Attach Listener" daemon [_thread_blocked, id=10840, stack(0x0000004b3dc00000,0x0000004b3dd00000)]
  0x000001847ef42020 JavaThread "Service Thread" daemon [_thread_blocked, id=10056, stack(0x0000004b3dd00000,0x0000004b3de00000)]
  0x000001847ef42b10 JavaThread "Monitor Deflation Thread" daemon [_thread_blocked, id=14972, stack(0x0000004b3de00000,0x0000004b3df00000)]
  0x000001847ef43d30 JavaThread "C2 CompilerThread0" daemon [_thread_in_native, id=3608, stack(0x0000004b3df00000,0x0000004b3e000000)]
  0x000001847ef47f50 JavaThread "C1 CompilerThread0" daemon [_thread_blocked, id=3920, stack(0x0000004b3e000000,0x0000004b3e100000)]
  0x000001847ef52880 JavaThread "Sweeper thread" daemon [_thread_blocked, id=3764, stack(0x0000004b3e100000,0x0000004b3e200000)]
  0x000001847f0ee930 JavaThread "Common-Cleaner" daemon [_thread_blocked, id=3972, stack(0x0000004b3e200000,0x0000004b3e300000)]
  0x000001847f190830 JavaThread "Notification Thread" daemon [_thread_blocked, id=9260, stack(0x0000004b3e300000,0x0000004b3e400000)]
  0x0000018416923940 JavaThread "Daemon health stats" [_thread_blocked, id=15244, stack(0x0000004b3f000000,0x0000004b3f100000)]
  0x0000018416b9f3c0 JavaThread "Incoming local TCP Connector on port 58453" [_thread_in_native, id=10716, stack(0x0000004b3f100000,0x0000004b3f200000)]
  0x00000184160481b0 JavaThread "Daemon periodic checks" [_thread_blocked, id=18620, stack(0x0000004b3f200000,0x0000004b3f300000)]
  0x00000184178a7430 JavaThread "Daemon" [_thread_blocked, id=7568, stack(0x0000004b3f300000,0x0000004b3f400000)]
  0x0000018416e071e0 JavaThread "Handler for socket connection from /127.0.0.1:58453 to /127.0.0.1:58454" [_thread_in_native, id=8736, stack(0x0000004b3f400000,0x0000004b3f500000)]
  0x0000018416bb2b70 JavaThread "Cancel handler" [_thread_blocked, id=6156, stack(0x0000004b3f500000,0x0000004b3f600000)]
  0x0000018417029450 JavaThread "Daemon worker" [_thread_in_vm, id=10388, stack(0x0000004b3f600000,0x0000004b3f700000)]
  0x0000018416cc68e0 JavaThread "Asynchronous log dispatcher for DefaultDaemonConnection: socket connection from /127.0.0.1:58453 to /127.0.0.1:58454" [_thread_blocked, id=20216, stack(0x0000004b3f700000,0x0000004b3f800000)]
  0x0000018416cc4570 JavaThread "Stdin handler" [_thread_blocked, id=8764, stack(0x0000004b3f800000,0x0000004b3f900000)]
  0x0000018416cc63d0 JavaThread "Daemon client event forwarder" [_thread_blocked, id=17204, stack(0x0000004b3f900000,0x0000004b3fa00000)]
  0x0000018416cc59b0 JavaThread "Cache worker for journal cache (C:\Users\caden\.gradle\caches\journal-1)" [_thread_blocked, id=4760, stack(0x0000004b3fc00000,0x0000004b3fd00000)]
  0x0000018416cc7300 JavaThread "File lock request listener" [_thread_in_native, id=14596, stack(0x0000004b3fd00000,0x0000004b3fe00000)]
  0x0000018416cc6df0 JavaThread "Cache worker for file hash cache (C:\Users\caden\.gradle\caches\8.4\fileHashes)" [_thread_blocked, id=14196, stack(0x0000004b3fe00000,0x0000004b3ff00000)]
  0x0000018416cc4a80 JavaThread "File watcher server" daemon [_thread_in_native, id=1648, stack(0x0000004b3e500000,0x0000004b3e600000)]
  0x0000018416cc54a0 JavaThread "File watcher consumer" daemon [_thread_blocked, id=6240, stack(0x0000004b3e600000,0x0000004b3e700000)]
  0x0000018416cc5ec0 JavaThread "Cache worker for checksums cache (E:\CS460\ChatApp\.gradle\8.4\checksums)" [_thread_blocked, id=17080, stack(0x0000004b3ff00000,0x0000004b40000000)]
  0x0000018416cc7810 JavaThread "Cache worker for file hash cache (E:\CS460\ChatApp\.gradle\8.4\fileHashes)" [_thread_blocked, id=3676, stack(0x0000004b40000000,0x0000004b40100000)]
  0x0000018416cc4060 JavaThread "Cache worker for cache directory md-supplier (C:\Users\caden\.gradle\caches\8.4\md-supplier)" [_thread_blocked, id=4736, stack(0x0000004b40100000,0x0000004b40200000)]
  0x0000018416feab80 JavaThread "Cache worker for file content cache (C:\Users\caden\.gradle\caches\8.4\fileContent)" [_thread_blocked, id=2628, stack(0x0000004b40200000,0x0000004b40300000)]
  0x0000018416fe8d20 JavaThread "Cache worker for cache directory md-rule (C:\Users\caden\.gradle\caches\8.4\md-rule)" [_thread_blocked, id=18780, stack(0x0000004b40300000,0x0000004b40400000)]
  0x0000018416fe78e0 JavaThread "Cache worker for execution history cache (C:\Users\caden\.gradle\caches\8.4\executionHistory)" [_thread_blocked, id=15424, stack(0x0000004b40400000,0x0000004b40500000)]
  0x000001841719a4f0 JavaThread "C2 CompilerThread1" daemon [_thread_in_native, id=17180, stack(0x0000004b40500000,0x0000004b40600000)]
=>0x0000018416597d00 JavaThread "C2 CompilerThread2" daemon [_thread_in_native, id=18476, stack(0x0000004b40600000,0x0000004b40700000)]
  0x0000018416fe5a80 JavaThread "Cache worker for kotlin-dsl (C:\Users\caden\.gradle\caches\8.4\kotlin-dsl)" [_thread_blocked, id=18356, stack(0x0000004b40700000,0x0000004b40800000)]
  0x0000018416fea670 JavaThread "jar transforms" [_thread_blocked, id=3624, stack(0x0000004b40800000,0x0000004b40900000)]
  0x0000018416feb090 JavaThread "jar transforms Thread 2" [_thread_blocked, id=19216, stack(0x0000004b40900000,0x0000004b40a00000)]
  0x0000018416fe4130 JavaThread "jar transforms Thread 3" [_thread_blocked, id=15888, stack(0x0000004b40a00000,0x0000004b40b00000)]
  0x0000018416fe9740 JavaThread "jar transforms Thread 4" [_thread_blocked, id=14524, stack(0x0000004b40b00000,0x0000004b40c00000)]
  0x0000018416fe5060 JavaThread "Cache worker for dependencies-accessors (E:\CS460\ChatApp\.gradle\8.4\dependencies-accessors)" [_thread_blocked, id=9768, stack(0x0000004b40c00000,0x0000004b40d00000)]
  0x0000018416fe69b0 JavaThread "Cache worker for Build Output Cleanup Cache (E:\CS460\ChatApp\.gradle\buildOutputCleanup)" [_thread_blocked, id=5284, stack(0x0000004b40d00000,0x0000004b40e00000)]
  0x0000018416fe9c50 JavaThread "jar transforms Thread 5" [_thread_blocked, id=15296, stack(0x0000004b40e00000,0x0000004b40f00000)]
  0x0000018416fe64a0 JavaThread "jar transforms Thread 6" [_thread_blocked, id=20416, stack(0x0000004b40f00000,0x0000004b41000000)]

Other Threads:
  0x000001847eee07a0 VMThread "VM Thread" [stack: 0x0000004b3d800000,0x0000004b3d900000] [id=17488]
  0x0000018475b254f0 WatcherThread [stack: 0x0000004b3e400000,0x0000004b3e500000] [id=19492]
  0x000001847391e880 GCTaskThread "GC Thread#0" [stack: 0x0000004b3d300000,0x0000004b3d400000] [id=10604]
  0x000001847faf67f0 GCTaskThread "GC Thread#1" [stack: 0x0000004b3e700000,0x0000004b3e800000] [id=4128]
  0x000001841631a490 GCTaskThread "GC Thread#2" [stack: 0x0000004b3e800000,0x0000004b3e900000] [id=844]
  0x0000018415a5e440 GCTaskThread "GC Thread#3" [stack: 0x0000004b3e900000,0x0000004b3ea00000] [id=5652]
  0x0000018415f8b9e0 GCTaskThread "GC Thread#4" [stack: 0x0000004b3ea00000,0x0000004b3eb00000] [id=15208]
  0x0000018415f8bf60 GCTaskThread "GC Thread#5" [stack: 0x0000004b3eb00000,0x0000004b3ec00000] [id=5052]
  0x0000018415f8bca0 GCTaskThread "GC Thread#6" [stack: 0x0000004b3ec00000,0x0000004b3ed00000] [id=15200]
  0x0000018415f8b460 GCTaskThread "GC Thread#7" [stack: 0x0000004b3ed00000,0x0000004b3ee00000] [id=14952]
  0x0000018415f8c220 GCTaskThread "GC Thread#8" [stack: 0x0000004b3ee00000,0x0000004b3ef00000] [id=2004]
  0x0000018415f8cd20 GCTaskThread "GC Thread#9" [stack: 0x0000004b3ef00000,0x0000004b3f000000] [id=6888]
  0x0000018475b8e9e0 ConcurrentGCThread "G1 Main Marker" [stack: 0x0000004b3d400000,0x0000004b3d500000] [id=4664]
  0x0000018475b8f9b0 ConcurrentGCThread "G1 Conc#0" [stack: 0x0000004b3d500000,0x0000004b3d600000] [id=16916]
  0x0000018415f8c7a0 ConcurrentGCThread "G1 Conc#1" [stack: 0x0000004b3fa00000,0x0000004b3fb00000] [id=15856]
  0x0000018415f8ca60 ConcurrentGCThread "G1 Conc#2" [stack: 0x0000004b3fb00000,0x0000004b3fc00000] [id=9844]
  0x0000018475bde4d0 ConcurrentGCThread "G1 Refine#0" [stack: 0x0000004b3d600000,0x0000004b3d700000] [id=17444]
  0x000001847ed522b0 ConcurrentGCThread "G1 Service" [stack: 0x0000004b3d700000,0x0000004b3d800000] [id=3552]

Threads with active compile tasks:
C2 CompilerThread0    13129 4727       4       java.lang.StringBuilder::append (8 bytes)
C2 CompilerThread1    13129 4734       4       java.util.jar.JarFile::getManifest (5 bytes)
C2 CompilerThread2    13129 4589       4       jdk.internal.org.objectweb.asm.Frame::execute (2305 bytes)

VM state: not at safepoint (normal execution)

VM Mutex/Monitor currently owned by a thread: None

Heap address: 0x0000000080000000, size: 2048 MB, Compressed Oops mode: 32-bit

CDS archive(s) not mapped
Compressed class space mapped at: 0x0000000100000000-0x0000000140000000, reserved size: 1073741824
Narrow klass base: 0x0000000000000000, Narrow klass shift: 3, Narrow klass range: 0x140000000

GC Precious Log:
 CPUs: 12 total, 12 available
 Memory: 32716M
 Large Page Support: Disabled
 NUMA Support: Disabled
 Compressed Oops: Enabled (32-bit)
 Heap Region Size: 1M
 Heap Min Capacity: 8M
 Heap Initial Capacity: 512M
 Heap Max Capacity: 2G
 Pre-touch: Disabled
 Parallel Workers: 10
 Concurrent Workers: 3
 Concurrent Refinement Workers: 10
 Periodic GC: Disabled

Heap:
 garbage-first heap   total 296960K, used 127130K [0x0000000080000000, 0x0000000100000000)
  region size 1024K, 97 young (99328K), 2 survivors (2048K)
 Metaspace       used 53760K, committed 54272K, reserved 1114112K
  class space    used 7386K, committed 7616K, reserved 1048576K

Heap Regions: E=young(eden), S=young(survivor), O=old, HS=humongous(starts), HC=humongous(continues), CS=collection set, F=free, OA=open archive, CA=closed archive, TAMS=top-at-mark-start (previous, next)
|   0|0x0000000080000000, 0x0000000080100000, 0x0000000080100000|100%|HS|  |TAMS 0x0000000080100000, 0x0000000080000000| Complete 
|   1|0x0000000080100000, 0x0000000080200000, 0x0000000080200000|100%|HC|  |TAMS 0x0000000080200000, 0x0000000080100000| Complete 
|   2|0x0000000080200000, 0x0000000080300000, 0x0000000080300000|100%|HC|  |TAMS 0x0000000080300000, 0x0000000080200000| Complete 
|   3|0x0000000080300000, 0x0000000080400000, 0x0000000080400000|100%|HC|  |TAMS 0x0000000080400000, 0x0000000080300000| Complete 
|   4|0x0000000080400000, 0x0000000080500000, 0x0000000080500000|100%| O|  |TAMS 0x0000000080500000, 0x0000000080400000| Untracked 
|   5|0x0000000080500000, 0x0000000080600000, 0x0000000080600000|100%| O|  |TAMS 0x0000000080600000, 0x0000000080500000| Untracked 
|   6|0x0000000080600000, 0x0000000080700000, 0x0000000080700000|100%| O|  |TAMS 0x0000000080700000, 0x0000000080600000| Untracked 
|   7|0x0000000080700000, 0x0000000080800000, 0x0000000080800000|100%| O|  |TAMS 0x0000000080800000, 0x0000000080700000| Untracked 
|   8|0x0000000080800000, 0x0000000080900000, 0x0000000080900000|100%| O|  |TAMS 0x0000000080900000, 0x0000000080800000| Untracked 
|   9|0x0000000080900000, 0x0000000080a00000, 0x0000000080a00000|100%| O|  |TAMS 0x0000000080a00000, 0x0000000080900000| Untracked 
|  10|0x0000000080a00000, 0x0000000080b00000, 0x0000000080b00000|100%| O|  |TAMS 0x0000000080b00000, 0x0000000080a00000| Untracked 
|  11|0x0000000080b00000, 0x0000000080b63e00, 0x0000000080c00000| 39%| O|  |TAMS 0x0000000080b63e00, 0x0000000080b00000| Untracked 
|  12|0x0000000080c00000, 0x0000000080d00000, 0x0000000080d00000|100%| O|  |TAMS 0x0000000080d00000, 0x0000000080c00000| Untracked 
|  13|0x0000000080d00000, 0x0000000080e00000, 0x0000000080e00000|100%| O|  |TAMS 0x0000000080e00000, 0x0000000080d00000| Untracked 
|  14|0x0000000080e00000, 0x0000000080f00000, 0x0000000080f00000|100%| O|  |TAMS 0x0000000080f00000, 0x0000000080e00000| Untracked 
|  15|0x0000000080f00000, 0x0000000081000000, 0x0000000081000000|100%| O|  |TAMS 0x0000000081000000, 0x0000000080f00000| Untracked 
|  16|0x0000000081000000, 0x0000000081100000, 0x0000000081100000|100%| O|  |TAMS 0x0000000081100000, 0x0000000081000000| Untracked 
|  17|0x0000000081100000, 0x0000000081200000, 0x0000000081200000|100%| O|  |TAMS 0x0000000081200000, 0x0000000081100000| Untracked 
|  18|0x0000000081200000, 0x0000000081300000, 0x0000000081300000|100%| O|  |TAMS 0x0000000081300000, 0x0000000081200000| Untracked 
|  19|0x0000000081300000, 0x0000000081400000, 0x0000000081400000|100%| O|  |TAMS 0x0000000081400000, 0x0000000081300000| Untracked 
|  20|0x0000000081400000, 0x0000000081500000, 0x0000000081500000|100%| O|  |TAMS 0x0000000081487e00, 0x0000000081400000| Untracked 
|  21|0x0000000081500000, 0x0000000081600000, 0x0000000081600000|100%| O|  |TAMS 0x0000000081500000, 0x0000000081500000| Untracked 
|  22|0x0000000081600000, 0x0000000081700000, 0x0000000081700000|100%| O|  |TAMS 0x0000000081600000, 0x0000000081600000| Untracked 
|  23|0x0000000081700000, 0x0000000081800000, 0x0000000081800000|100%| O|  |TAMS 0x0000000081700000, 0x0000000081700000| Untracked 
|  24|0x0000000081800000, 0x0000000081900000, 0x0000000081900000|100%| O|  |TAMS 0x0000000081800000, 0x0000000081800000| Untracked 
|  25|0x0000000081900000, 0x0000000081a00000, 0x0000000081a00000|100%| O|  |TAMS 0x0000000081900000, 0x0000000081900000| Untracked 
|  26|0x0000000081a00000, 0x0000000081b00000, 0x0000000081b00000|100%| O|  |TAMS 0x0000000081a00000, 0x0000000081a00000| Untracked 
|  27|0x0000000081b00000, 0x0000000081b49800, 0x0000000081c00000| 28%| O|  |TAMS 0x0000000081b00000, 0x0000000081b00000| Untracked 
|  28|0x0000000081c00000, 0x0000000081d00000, 0x0000000081d00000|100%|HS|  |TAMS 0x0000000081c00000, 0x0000000081c00000| Complete 
|  29|0x0000000081d00000, 0x0000000081e00000, 0x0000000081e00000|100%|HS|  |TAMS 0x0000000081d00000, 0x0000000081d00000| Complete 
|  30|0x0000000081e00000, 0x0000000081e00000, 0x0000000081f00000|  0%| F|  |TAMS 0x0000000081e00000, 0x0000000081e00000| Untracked 
|  31|0x0000000081f00000, 0x0000000081f00000, 0x0000000082000000|  0%| F|  |TAMS 0x0000000081f00000, 0x0000000081f00000| Untracked 
|  32|0x0000000082000000, 0x0000000082000000, 0x0000000082100000|  0%| F|  |TAMS 0x0000000082000000, 0x0000000082000000| Untracked 
|  33|0x0000000082100000, 0x0000000082100000, 0x0000000082200000|  0%| F|  |TAMS 0x0000000082100000, 0x0000000082100000| Untracked 
|  34|0x0000000082200000, 0x0000000082200000, 0x0000000082300000|  0%| F|  |TAMS 0x0000000082200000, 0x0000000082200000| Untracked 
|  35|0x0000000082300000, 0x0000000082300000, 0x0000000082400000|  0%| F|  |TAMS 0x0000000082300000, 0x0000000082300000| Untracked 
|  36|0x0000000082400000, 0x0000000082400000, 0x0000000082500000|  0%| F|  |TAMS 0x0000000082400000, 0x0000000082400000| Untracked 
|  37|0x0000000082500000, 0x0000000082500000, 0x0000000082600000|  0%| F|  |TAMS 0x0000000082500000, 0x0000000082500000| Untracked 
|  38|0x0000000082600000, 0x0000000082600000, 0x0000000082700000|  0%| F|  |TAMS 0x0000000082600000, 0x0000000082600000| Untracked 
|  39|0x0000000082700000, 0x0000000082700000, 0x0000000082800000|  0%| F|  |TAMS 0x0000000082700000, 0x0000000082700000| Untracked 
|  40|0x0000000082800000, 0x0000000082800000, 0x0000000082900000|  0%| F|  |TAMS 0x0000000082800000, 0x0000000082800000| Untracked 
|  41|0x0000000082900000, 0x0000000082900000, 0x0000000082a00000|  0%| F|  |TAMS 0x0000000082900000, 0x0000000082900000| Untracked 
|  42|0x0000000082a00000, 0x0000000082a79488, 0x0000000082b00000| 47%| S|CS|TAMS 0x0000000082a00000, 0x0000000082a00000| Complete 
|  43|0x0000000082b00000, 0x0000000082c00000, 0x0000000082c00000|100%| S|CS|TAMS 0x0000000082b00000, 0x0000000082b00000| Complete 
|  44|0x0000000082c00000, 0x0000000082c00000, 0x0000000082d00000|  0%| F|  |TAMS 0x0000000082c00000, 0x0000000082c00000| Untracked 
|  45|0x0000000082d00000, 0x0000000082d00000, 0x0000000082e00000|  0%| F|  |TAMS 0x0000000082d00000, 0x0000000082d00000| Untracked 
|  46|0x0000000082e00000, 0x0000000082e00000, 0x0000000082f00000|  0%| F|  |TAMS 0x0000000082e00000, 0x0000000082e00000| Untracked 
|  47|0x0000000082f00000, 0x0000000082f00000, 0x0000000083000000|  0%| F|  |TAMS 0x0000000082f00000, 0x0000000082f00000| Untracked 
|  48|0x0000000083000000, 0x0000000083000000, 0x0000000083100000|  0%| F|  |TAMS 0x0000000083000000, 0x0000000083000000| Untracked 
|  49|0x0000000083100000, 0x0000000083100000, 0x0000000083200000|  0%| F|  |TAMS 0x0000000083100000, 0x0000000083100000| Untracked 
|  50|0x0000000083200000, 0x0000000083200000, 0x0000000083300000|  0%| F|  |TAMS 0x0000000083200000, 0x0000000083200000| Untracked 
|  51|0x0000000083300000, 0x0000000083300000, 0x0000000083400000|  0%| F|  |TAMS 0x0000000083300000, 0x0000000083300000| Untracked 
|  52|0x0000000083400000, 0x0000000083400000, 0x0000000083500000|  0%| F|  |TAMS 0x0000000083400000, 0x0000000083400000| Untracked 
|  53|0x0000000083500000, 0x0000000083500000, 0x0000000083600000|  0%| F|  |TAMS 0x0000000083500000, 0x0000000083500000| Untracked 
|  54|0x0000000083600000, 0x0000000083600000, 0x0000000083700000|  0%| F|  |TAMS 0x0000000083600000, 0x0000000083600000| Untracked 
|  55|0x0000000083700000, 0x0000000083700000, 0x0000000083800000|  0%| F|  |TAMS 0x0000000083700000, 0x0000000083700000| Untracked 
|  56|0x0000000083800000, 0x0000000083800000, 0x0000000083900000|  0%| F|  |TAMS 0x0000000083800000, 0x0000000083800000| Untracked 
|  57|0x0000000083900000, 0x0000000083900000, 0x0000000083a00000|  0%| F|  |TAMS 0x0000000083900000, 0x0000000083900000| Untracked 
|  58|0x0000000083a00000, 0x0000000083a00000, 0x0000000083b00000|  0%| F|  |TAMS 0x0000000083a00000, 0x0000000083a00000| Untracked 
|  59|0x0000000083b00000, 0x0000000083b00000, 0x0000000083c00000|  0%| F|  |TAMS 0x0000000083b00000, 0x0000000083b00000| Untracked 
|  60|0x0000000083c00000, 0x0000000083c00000, 0x0000000083d00000|  0%| F|  |TAMS 0x0000000083c00000, 0x0000000083c00000| Untracked 
|  61|0x0000000083d00000, 0x0000000083d00000, 0x0000000083e00000|  0%| F|  |TAMS 0x0000000083d00000, 0x0000000083d00000| Untracked 
|  62|0x0000000083e00000, 0x0000000083e00000, 0x0000000083f00000|  0%| F|  |TAMS 0x0000000083e00000, 0x0000000083e00000| Untracked 
|  63|0x0000000083f00000, 0x0000000083f00000, 0x0000000084000000|  0%| F|  |TAMS 0x0000000083f00000, 0x0000000083f00000| Untracked 
|  64|0x0000000084000000, 0x0000000084000000, 0x0000000084100000|  0%| F|  |TAMS 0x0000000084000000, 0x0000000084000000| Untracked 
|  65|0x0000000084100000, 0x0000000084100000, 0x0000000084200000|  0%| F|  |TAMS 0x0000000084100000, 0x0000000084100000| Untracked 
|  66|0x0000000084200000, 0x0000000084200000, 0x0000000084300000|  0%| F|  |TAMS 0x0000000084200000, 0x0000000084200000| Untracked 
|  67|0x0000000084300000, 0x0000000084300000, 0x0000000084400000|  0%| F|  |TAMS 0x0000000084300000, 0x0000000084300000| Untracked 
|  68|0x0000000084400000, 0x0000000084400000, 0x0000000084500000|  0%| F|  |TAMS 0x0000000084400000, 0x0000000084400000| Untracked 
|  69|0x0000000084500000, 0x0000000084500000, 0x0000000084600000|  0%| F|  |TAMS 0x0000000084500000, 0x0000000084500000| Untracked 
|  70|0x0000000084600000, 0x0000000084600000, 0x0000000084700000|  0%| F|  |TAMS 0x0000000084600000, 0x0000000084600000| Untracked 
|  71|0x0000000084700000, 0x0000000084700000, 0x0000000084800000|  0%| F|  |TAMS 0x0000000084700000, 0x0000000084700000| Untracked 
|  72|0x0000000084800000, 0x0000000084800000, 0x0000000084900000|  0%| F|  |TAMS 0x0000000084800000, 0x0000000084800000| Untracked 
|  73|0x0000000084900000, 0x0000000084900000, 0x0000000084a00000|  0%| F|  |TAMS 0x0000000084900000, 0x0000000084900000| Untracked 
|  74|0x0000000084a00000, 0x0000000084a00000, 0x0000000084b00000|  0%| F|  |TAMS 0x0000000084a00000, 0x0000000084a00000| Untracked 
|  75|0x0000000084b00000, 0x0000000084b00000, 0x0000000084c00000|  0%| F|  |TAMS 0x0000000084b00000, 0x0000000084b00000| Untracked 
|  76|0x0000000084c00000, 0x0000000084c00000, 0x0000000084d00000|  0%| F|  |TAMS 0x0000000084c00000, 0x0000000084c00000| Untracked 
|  77|0x0000000084d00000, 0x0000000084d00000, 0x0000000084e00000|  0%| F|  |TAMS 0x0000000084d00000, 0x0000000084d00000| Untracked 
|  78|0x0000000084e00000, 0x0000000084e00000, 0x0000000084f00000|  0%| F|  |TAMS 0x0000000084e00000, 0x0000000084e00000| Untracked 
|  79|0x0000000084f00000, 0x0000000084f00000, 0x0000000085000000|  0%| F|  |TAMS 0x0000000084f00000, 0x0000000084f00000| Untracked 
|  80|0x0000000085000000, 0x0000000085000000, 0x0000000085100000|  0%| F|  |TAMS 0x0000000085000000, 0x0000000085000000| Untracked 
|  81|0x0000000085100000, 0x0000000085100000, 0x0000000085200000|  0%| F|  |TAMS 0x0000000085100000, 0x0000000085100000| Untracked 
|  82|0x0000000085200000, 0x0000000085200000, 0x0000000085300000|  0%| F|  |TAMS 0x0000000085200000, 0x0000000085200000| Untracked 
|  83|0x0000000085300000, 0x0000000085300000, 0x0000000085400000|  0%| F|  |TAMS 0x0000000085300000, 0x0000000085300000| Untracked 
|  84|0x0000000085400000, 0x0000000085400000, 0x0000000085500000|  0%| F|  |TAMS 0x0000000085400000, 0x0000000085400000| Untracked 
|  85|0x0000000085500000, 0x0000000085500000, 0x0000000085600000|  0%| F|  |TAMS 0x0000000085500000, 0x0000000085500000| Untracked 
|  86|0x0000000085600000, 0x0000000085600000, 0x0000000085700000|  0%| F|  |TAMS 0x0000000085600000, 0x0000000085600000| Untracked 
|  87|0x0000000085700000, 0x0000000085700000, 0x0000000085800000|  0%| F|  |TAMS 0x0000000085700000, 0x0000000085700000| Untracked 
|  88|0x0000000085800000, 0x0000000085800000, 0x0000000085900000|  0%| F|  |TAMS 0x0000000085800000, 0x0000000085800000| Untracked 
|  89|0x0000000085900000, 0x0000000085900000, 0x0000000085a00000|  0%| F|  |TAMS 0x0000000085900000, 0x0000000085900000| Untracked 
|  90|0x0000000085a00000, 0x0000000085a00000, 0x0000000085b00000|  0%| F|  |TAMS 0x0000000085a00000, 0x0000000085a00000| Untracked 
|  91|0x0000000085b00000, 0x0000000085b00000, 0x0000000085c00000|  0%| F|  |TAMS 0x0000000085b00000, 0x0000000085b00000| Untracked 
|  92|0x0000000085c00000, 0x0000000085c00000, 0x0000000085d00000|  0%| F|  |TAMS 0x0000000085c00000, 0x0000000085c00000| Untracked 
|  93|0x0000000085d00000, 0x0000000085d00000, 0x0000000085e00000|  0%| F|  |TAMS 0x0000000085d00000, 0x0000000085d00000| Untracked 
|  94|0x0000000085e00000, 0x0000000085e00000, 0x0000000085f00000|  0%| F|  |TAMS 0x0000000085e00000, 0x0000000085e00000| Untracked 
|  95|0x0000000085f00000, 0x0000000085f00000, 0x0000000086000000|  0%| F|  |TAMS 0x0000000085f00000, 0x0000000085f00000| Untracked 
|  96|0x0000000086000000, 0x0000000086000000, 0x0000000086100000|  0%| F|  |TAMS 0x0000000086000000, 0x0000000086000000| Untracked 
|  97|0x0000000086100000, 0x0000000086100000, 0x0000000086200000|  0%| F|  |TAMS 0x0000000086100000, 0x0000000086100000| Untracked 
|  98|0x0000000086200000, 0x0000000086200000, 0x0000000086300000|  0%| F|  |TAMS 0x0000000086200000, 0x0000000086200000| Untracked 
|  99|0x0000000086300000, 0x0000000086300000, 0x0000000086400000|  0%| F|  |TAMS 0x0000000086300000, 0x0000000086300000| Untracked 
| 100|0x0000000086400000, 0x0000000086400000, 0x0000000086500000|  0%| F|  |TAMS 0x0000000086400000, 0x0000000086400000| Untracked 
| 101|0x0000000086500000, 0x0000000086500000, 0x0000000086600000|  0%| F|  |TAMS 0x0000000086500000, 0x0000000086500000| Untracked 
| 102|0x0000000086600000, 0x0000000086600000, 0x0000000086700000|  0%| F|  |TAMS 0x0000000086600000, 0x0000000086600000| Untracked 
| 103|0x0000000086700000, 0x0000000086700000, 0x0000000086800000|  0%| F|  |TAMS 0x0000000086700000, 0x0000000086700000| Untracked 
| 104|0x0000000086800000, 0x0000000086800000, 0x0000000086900000|  0%| F|  |TAMS 0x0000000086800000, 0x0000000086800000| Untracked 
| 105|0x0000000086900000, 0x0000000086900000, 0x0000000086a00000|  0%| F|  |TAMS 0x0000000086900000, 0x0000000086900000| Untracked 
| 106|0x0000000086a00000, 0x0000000086a00000, 0x0000000086b00000|  0%| F|  |TAMS 0x0000000086a00000, 0x0000000086a00000| Untracked 
| 107|0x0000000086b00000, 0x0000000086b00000, 0x0000000086c00000|  0%| F|  |TAMS 0x0000000086b00000, 0x0000000086b00000| Untracked 
| 108|0x0000000086c00000, 0x0000000086c00000, 0x0000000086d00000|  0%| F|  |TAMS 0x0000000086c00000, 0x0000000086c00000| Untracked 
| 109|0x0000000086d00000, 0x0000000086d00000, 0x0000000086e00000|  0%| F|  |TAMS 0x0000000086d00000, 0x0000000086d00000| Untracked 
| 110|0x0000000086e00000, 0x0000000086e00000, 0x0000000086f00000|  0%| F|  |TAMS 0x0000000086e00000, 0x0000000086e00000| Untracked 
| 111|0x0000000086f00000, 0x0000000086f00000, 0x0000000087000000|  0%| F|  |TAMS 0x0000000086f00000, 0x0000000086f00000| Untracked 
| 112|0x0000000087000000, 0x0000000087000000, 0x0000000087100000|  0%| F|  |TAMS 0x0000000087000000, 0x0000000087000000| Untracked 
| 113|0x0000000087100000, 0x0000000087100000, 0x0000000087200000|  0%| F|  |TAMS 0x0000000087100000, 0x0000000087100000| Untracked 
| 114|0x0000000087200000, 0x0000000087200000, 0x0000000087300000|  0%| F|  |TAMS 0x0000000087200000, 0x0000000087200000| Untracked 
| 115|0x0000000087300000, 0x0000000087300000, 0x0000000087400000|  0%| F|  |TAMS 0x0000000087300000, 0x0000000087300000| Untracked 
| 116|0x0000000087400000, 0x0000000087400000, 0x0000000087500000|  0%| F|  |TAMS 0x0000000087400000, 0x0000000087400000| Untracked 
| 117|0x0000000087500000, 0x0000000087500000, 0x0000000087600000|  0%| F|  |TAMS 0x0000000087500000, 0x0000000087500000| Untracked 
| 118|0x0000000087600000, 0x0000000087600000, 0x0000000087700000|  0%| F|  |TAMS 0x0000000087600000, 0x0000000087600000| Untracked 
| 119|0x0000000087700000, 0x0000000087700000, 0x0000000087800000|  0%| F|  |TAMS 0x0000000087700000, 0x0000000087700000| Untracked 
| 120|0x0000000087800000, 0x0000000087800000, 0x0000000087900000|  0%| F|  |TAMS 0x0000000087800000, 0x0000000087800000| Untracked 
| 121|0x0000000087900000, 0x0000000087900000, 0x0000000087a00000|  0%| F|  |TAMS 0x0000000087900000, 0x0000000087900000| Untracked 
| 122|0x0000000087a00000, 0x0000000087a00000, 0x0000000087b00000|  0%| F|  |TAMS 0x0000000087a00000, 0x0000000087a00000| Untracked 
| 123|0x0000000087b00000, 0x0000000087b00000, 0x0000000087c00000|  0%| F|  |TAMS 0x0000000087b00000, 0x0000000087b00000| Untracked 
| 124|0x0000000087c00000, 0x0000000087c00000, 0x0000000087d00000|  0%| F|  |TAMS 0x0000000087c00000, 0x0000000087c00000| Untracked 
| 125|0x0000000087d00000, 0x0000000087d00000, 0x0000000087e00000|  0%| F|  |TAMS 0x0000000087d00000, 0x0000000087d00000| Untracked 
| 126|0x0000000087e00000, 0x0000000087e00000, 0x0000000087f00000|  0%| F|  |TAMS 0x0000000087e00000, 0x0000000087e00000| Untracked 
| 127|0x0000000087f00000, 0x0000000087f00000, 0x0000000088000000|  0%| F|  |TAMS 0x0000000087f00000, 0x0000000087f00000| Untracked 
| 128|0x0000000088000000, 0x0000000088000000, 0x0000000088100000|  0%| F|  |TAMS 0x0000000088000000, 0x0000000088000000| Untracked 
| 129|0x0000000088100000, 0x0000000088100000, 0x0000000088200000|  0%| F|  |TAMS 0x0000000088100000, 0x0000000088100000| Untracked 
| 130|0x0000000088200000, 0x0000000088200000, 0x0000000088300000|  0%| F|  |TAMS 0x0000000088200000, 0x0000000088200000| Untracked 
| 131|0x0000000088300000, 0x0000000088300000, 0x0000000088400000|  0%| F|  |TAMS 0x0000000088300000, 0x0000000088300000| Untracked 
| 132|0x0000000088400000, 0x0000000088400000, 0x0000000088500000|  0%| F|  |TAMS 0x0000000088400000, 0x0000000088400000| Untracked 
| 133|0x0000000088500000, 0x0000000088500000, 0x0000000088600000|  0%| F|  |TAMS 0x0000000088500000, 0x0000000088500000| Untracked 
| 134|0x0000000088600000, 0x0000000088600000, 0x0000000088700000|  0%| F|  |TAMS 0x0000000088600000, 0x0000000088600000| Untracked 
| 135|0x0000000088700000, 0x0000000088700000, 0x0000000088800000|  0%| F|  |TAMS 0x0000000088700000, 0x0000000088700000| Untracked 
| 136|0x0000000088800000, 0x0000000088800000, 0x0000000088900000|  0%| F|  |TAMS 0x0000000088800000, 0x0000000088800000| Untracked 
| 137|0x0000000088900000, 0x0000000088900000, 0x0000000088a00000|  0%| F|  |TAMS 0x0000000088900000, 0x0000000088900000| Untracked 
| 138|0x0000000088a00000, 0x0000000088a00000, 0x0000000088b00000|  0%| F|  |TAMS 0x0000000088a00000, 0x0000000088a00000| Untracked 
| 139|0x0000000088b00000, 0x0000000088b00000, 0x0000000088c00000|  0%| F|  |TAMS 0x0000000088b00000, 0x0000000088b00000| Untracked 
| 140|0x0000000088c00000, 0x0000000088c00000, 0x0000000088d00000|  0%| F|  |TAMS 0x0000000088c00000, 0x0000000088c00000| Untracked 
| 141|0x0000000088d00000, 0x0000000088d00000, 0x0000000088e00000|  0%| F|  |TAMS 0x0000000088d00000, 0x0000000088d00000| Untracked 
| 142|0x0000000088e00000, 0x0000000088e00000, 0x0000000088f00000|  0%| F|  |TAMS 0x0000000088e00000, 0x0000000088e00000| Untracked 
| 143|0x0000000088f00000, 0x0000000088f00000, 0x0000000089000000|  0%| F|  |TAMS 0x0000000088f00000, 0x0000000088f00000| Untracked 
| 144|0x0000000089000000, 0x0000000089000000, 0x0000000089100000|  0%| F|  |TAMS 0x0000000089000000, 0x0000000089000000| Untracked 
| 145|0x0000000089100000, 0x0000000089100000, 0x0000000089200000|  0%| F|  |TAMS 0x0000000089100000, 0x0000000089100000| Untracked 
| 146|0x0000000089200000, 0x0000000089200000, 0x0000000089300000|  0%| F|  |TAMS 0x0000000089200000, 0x0000000089200000| Untracked 
| 147|0x0000000089300000, 0x0000000089300000, 0x0000000089400000|  0%| F|  |TAMS 0x0000000089300000, 0x0000000089300000| Untracked 
| 148|0x0000000089400000, 0x0000000089400000, 0x0000000089500000|  0%| F|  |TAMS 0x0000000089400000, 0x0000000089400000| Untracked 
| 149|0x0000000089500000, 0x0000000089500000, 0x0000000089600000|  0%| F|  |TAMS 0x0000000089500000, 0x0000000089500000| Untracked 
| 150|0x0000000089600000, 0x0000000089600000, 0x0000000089700000|  0%| F|  |TAMS 0x0000000089600000, 0x0000000089600000| Untracked 
| 151|0x0000000089700000, 0x0000000089700000, 0x0000000089800000|  0%| F|  |TAMS 0x0000000089700000, 0x0000000089700000| Untracked 
| 152|0x0000000089800000, 0x0000000089800000, 0x0000000089900000|  0%| F|  |TAMS 0x0000000089800000, 0x0000000089800000| Untracked 
| 153|0x0000000089900000, 0x0000000089900000, 0x0000000089a00000|  0%| F|  |TAMS 0x0000000089900000, 0x0000000089900000| Untracked 
| 154|0x0000000089a00000, 0x0000000089a00000, 0x0000000089b00000|  0%| F|  |TAMS 0x0000000089a00000, 0x0000000089a00000| Untracked 
| 155|0x0000000089b00000, 0x0000000089b00000, 0x0000000089c00000|  0%| F|  |TAMS 0x0000000089b00000, 0x0000000089b00000| Untracked 
| 156|0x0000000089c00000, 0x0000000089c00000, 0x0000000089d00000|  0%| F|  |TAMS 0x0000000089c00000, 0x0000000089c00000| Untracked 
| 157|0x0000000089d00000, 0x0000000089d00000, 0x0000000089e00000|  0%| F|  |TAMS 0x0000000089d00000, 0x0000000089d00000| Untracked 
| 158|0x0000000089e00000, 0x0000000089e00000, 0x0000000089f00000|  0%| F|  |TAMS 0x0000000089e00000, 0x0000000089e00000| Untracked 
| 159|0x0000000089f00000, 0x0000000089f00000, 0x000000008a000000|  0%| F|  |TAMS 0x0000000089f00000, 0x0000000089f00000| Untracked 
| 160|0x000000008a000000, 0x000000008a000000, 0x000000008a100000|  0%| F|  |TAMS 0x000000008a000000, 0x000000008a000000| Untracked 
| 161|0x000000008a100000, 0x000000008a100000, 0x000000008a200000|  0%| F|  |TAMS 0x000000008a100000, 0x000000008a100000| Untracked 
| 162|0x000000008a200000, 0x000000008a200000, 0x000000008a300000|  0%| F|  |TAMS 0x000000008a200000, 0x000000008a200000| Untracked 
| 163|0x000000008a300000, 0x000000008a300000, 0x000000008a400000|  0%| F|  |TAMS 0x000000008a300000, 0x000000008a300000| Untracked 
| 164|0x000000008a400000, 0x000000008a400000, 0x000000008a500000|  0%| F|  |TAMS 0x000000008a400000, 0x000000008a400000| Untracked 
| 165|0x000000008a500000, 0x000000008a500000, 0x000000008a600000|  0%| F|  |TAMS 0x000000008a500000, 0x000000008a500000| Untracked 
| 166|0x000000008a600000, 0x000000008a600000, 0x000000008a700000|  0%| F|  |TAMS 0x000000008a600000, 0x000000008a600000| Untracked 
| 167|0x000000008a700000, 0x000000008a700000, 0x000000008a800000|  0%| F|  |TAMS 0x000000008a700000, 0x000000008a700000| Untracked 
| 168|0x000000008a800000, 0x000000008a800000, 0x000000008a900000|  0%| F|  |TAMS 0x000000008a800000, 0x000000008a800000| Untracked 
| 169|0x000000008a900000, 0x000000008a900000, 0x000000008aa00000|  0%| F|  |TAMS 0x000000008a900000, 0x000000008a900000| Untracked 
| 170|0x000000008aa00000, 0x000000008aa00000, 0x000000008ab00000|  0%| F|  |TAMS 0x000000008aa00000, 0x000000008aa00000| Untracked 
| 171|0x000000008ab00000, 0x000000008ab00000, 0x000000008ac00000|  0%| F|  |TAMS 0x000000008ab00000, 0x000000008ab00000| Untracked 
| 172|0x000000008ac00000, 0x000000008ac00000, 0x000000008ad00000|  0%| F|  |TAMS 0x000000008ac00000, 0x000000008ac00000| Untracked 
| 173|0x000000008ad00000, 0x000000008ad00000, 0x000000008ae00000|  0%| F|  |TAMS 0x000000008ad00000, 0x000000008ad00000| Untracked 
| 174|0x000000008ae00000, 0x000000008ae00000, 0x000000008af00000|  0%| F|  |TAMS 0x000000008ae00000, 0x000000008ae00000| Untracked 
| 175|0x000000008af00000, 0x000000008af00000, 0x000000008b000000|  0%| F|  |TAMS 0x000000008af00000, 0x000000008af00000| Untracked 
| 176|0x000000008b000000, 0x000000008b000000, 0x000000008b100000|  0%| F|  |TAMS 0x000000008b000000, 0x000000008b000000| Untracked 
| 177|0x000000008b100000, 0x000000008b100000, 0x000000008b200000|  0%| F|  |TAMS 0x000000008b100000, 0x000000008b100000| Untracked 
| 178|0x000000008b200000, 0x000000008b200000, 0x000000008b300000|  0%| F|  |TAMS 0x000000008b200000, 0x000000008b200000| Untracked 
| 179|0x000000008b300000, 0x000000008b300000, 0x000000008b400000|  0%| F|  |TAMS 0x000000008b300000, 0x000000008b300000| Untracked 
| 180|0x000000008b400000, 0x000000008b400000, 0x000000008b500000|  0%| F|  |TAMS 0x000000008b400000, 0x000000008b400000| Untracked 
| 181|0x000000008b500000, 0x000000008b500000, 0x000000008b600000|  0%| F|  |TAMS 0x000000008b500000, 0x000000008b500000| Untracked 
| 182|0x000000008b600000, 0x000000008b600000, 0x000000008b700000|  0%| F|  |TAMS 0x000000008b600000, 0x000000008b600000| Untracked 
| 183|0x000000008b700000, 0x000000008b700000, 0x000000008b800000|  0%| F|  |TAMS 0x000000008b700000, 0x000000008b700000| Untracked 
| 184|0x000000008b800000, 0x000000008b800000, 0x000000008b900000|  0%| F|  |TAMS 0x000000008b800000, 0x000000008b800000| Untracked 
| 185|0x000000008b900000, 0x000000008b900000, 0x000000008ba00000|  0%| F|  |TAMS 0x000000008b900000, 0x000000008b900000| Untracked 
| 186|0x000000008ba00000, 0x000000008ba00000, 0x000000008bb00000|  0%| F|  |TAMS 0x000000008ba00000, 0x000000008ba00000| Untracked 
| 187|0x000000008bb00000, 0x000000008bb00000, 0x000000008bc00000|  0%| F|  |TAMS 0x000000008bb00000, 0x000000008bb00000| Untracked 
| 188|0x000000008bc00000, 0x000000008bc00000, 0x000000008bd00000|  0%| F|  |TAMS 0x000000008bc00000, 0x000000008bc00000| Untracked 
| 189|0x000000008bd00000, 0x000000008bd00000, 0x000000008be00000|  0%| F|  |TAMS 0x000000008bd00000, 0x000000008bd00000| Untracked 
| 190|0x000000008be00000, 0x000000008be00000, 0x000000008bf00000|  0%| F|  |TAMS 0x000000008be00000, 0x000000008be00000| Untracked 
| 191|0x000000008bf00000, 0x000000008bf00000, 0x000000008c000000|  0%| F|  |TAMS 0x000000008bf00000, 0x000000008bf00000| Untracked 
| 192|0x000000008c000000, 0x000000008c000000, 0x000000008c100000|  0%| F|  |TAMS 0x000000008c000000, 0x000000008c000000| Untracked 
| 193|0x000000008c100000, 0x000000008c100000, 0x000000008c200000|  0%| F|  |TAMS 0x000000008c100000, 0x000000008c100000| Untracked 
| 194|0x000000008c200000, 0x000000008c200000, 0x000000008c300000|  0%| F|  |TAMS 0x000000008c200000, 0x000000008c200000| Untracked 
| 195|0x000000008c300000, 0x000000008c400000, 0x000000008c400000|100%| E|  |TAMS 0x000000008c300000, 0x000000008c300000| Complete 
| 196|0x000000008c400000, 0x000000008c500000, 0x000000008c500000|100%| E|CS|TAMS 0x000000008c400000, 0x000000008c400000| Complete 
| 197|0x000000008c500000, 0x000000008c600000, 0x000000008c600000|100%| E|CS|TAMS 0x000000008c500000, 0x000000008c500000| Complete 
| 198|0x000000008c600000, 0x000000008c700000, 0x000000008c700000|100%| E|CS|TAMS 0x000000008c600000, 0x000000008c600000| Complete 
| 199|0x000000008c700000, 0x000000008c800000, 0x000000008c800000|100%| E|CS|TAMS 0x000000008c700000, 0x000000008c700000| Complete 
| 200|0x000000008c800000, 0x000000008c900000, 0x000000008c900000|100%| E|CS|TAMS 0x000000008c800000, 0x000000008c800000| Complete 
| 201|0x000000008c900000, 0x000000008ca00000, 0x000000008ca00000|100%| E|CS|TAMS 0x000000008c900000, 0x000000008c900000| Complete 
| 202|0x000000008ca00000, 0x000000008cb00000, 0x000000008cb00000|100%| E|CS|TAMS 0x000000008ca00000, 0x000000008ca00000| Complete 
| 203|0x000000008cb00000, 0x000000008cc00000, 0x000000008cc00000|100%| E|CS|TAMS 0x000000008cb00000, 0x000000008cb00000| Complete 
| 204|0x000000008cc00000, 0x000000008cd00000, 0x000000008cd00000|100%| E|CS|TAMS 0x000000008cc00000, 0x000000008cc00000| Complete 
| 205|0x000000008cd00000, 0x000000008ce00000, 0x000000008ce00000|100%| E|CS|TAMS 0x000000008cd00000, 0x000000008cd00000| Complete 
| 206|0x000000008ce00000, 0x000000008cf00000, 0x000000008cf00000|100%| E|CS|TAMS 0x000000008ce00000, 0x000000008ce00000| Complete 
| 207|0x000000008cf00000, 0x000000008d000000, 0x000000008d000000|100%| E|CS|TAMS 0x000000008cf00000, 0x000000008cf00000| Complete 
| 208|0x000000008d000000, 0x000000008d100000, 0x000000008d100000|100%| E|CS|TAMS 0x000000008d000000, 0x000000008d000000| Complete 
| 209|0x000000008d100000, 0x000000008d200000, 0x000000008d200000|100%| E|CS|TAMS 0x000000008d100000, 0x000000008d100000| Complete 
| 210|0x000000008d200000, 0x000000008d300000, 0x000000008d300000|100%| E|CS|TAMS 0x000000008d200000, 0x000000008d200000| Complete 
| 211|0x000000008d300000, 0x000000008d400000, 0x000000008d400000|100%| E|CS|TAMS 0x000000008d300000, 0x000000008d300000| Complete 
| 212|0x000000008d400000, 0x000000008d500000, 0x000000008d500000|100%| E|CS|TAMS 0x000000008d400000, 0x000000008d400000| Complete 
| 213|0x000000008d500000, 0x000000008d600000, 0x000000008d600000|100%| E|CS|TAMS 0x000000008d500000, 0x000000008d500000| Complete 
| 214|0x000000008d600000, 0x000000008d700000, 0x000000008d700000|100%| E|CS|TAMS 0x000000008d600000, 0x000000008d600000| Complete 
| 215|0x000000008d700000, 0x000000008d800000, 0x000000008d800000|100%| E|CS|TAMS 0x000000008d700000, 0x000000008d700000| Complete 
| 216|0x000000008d800000, 0x000000008d900000, 0x000000008d900000|100%| E|CS|TAMS 0x000000008d800000, 0x000000008d800000| Complete 
| 217|0x000000008d900000, 0x000000008da00000, 0x000000008da00000|100%| E|CS|TAMS 0x000000008d900000, 0x000000008d900000| Complete 
| 218|0x000000008da00000, 0x000000008db00000, 0x000000008db00000|100%| E|CS|TAMS 0x000000008da00000, 0x000000008da00000| Complete 
| 219|0x000000008db00000, 0x000000008dc00000, 0x000000008dc00000|100%| E|CS|TAMS 0x000000008db00000, 0x000000008db00000| Complete 
| 220|0x000000008dc00000, 0x000000008dd00000, 0x000000008dd00000|100%| E|CS|TAMS 0x000000008dc00000, 0x000000008dc00000| Complete 
| 221|0x000000008dd00000, 0x000000008de00000, 0x000000008de00000|100%| E|CS|TAMS 0x000000008dd00000, 0x000000008dd00000| Complete 
| 222|0x000000008de00000, 0x000000008df00000, 0x000000008df00000|100%| E|CS|TAMS 0x000000008de00000, 0x000000008de00000| Complete 
| 223|0x000000008df00000, 0x000000008e000000, 0x000000008e000000|100%| E|CS|TAMS 0x000000008df00000, 0x000000008df00000| Complete 
| 224|0x000000008e000000, 0x000000008e100000, 0x000000008e100000|100%| E|CS|TAMS 0x000000008e000000, 0x000000008e000000| Complete 
| 225|0x000000008e100000, 0x000000008e200000, 0x000000008e200000|100%| E|CS|TAMS 0x000000008e100000, 0x000000008e100000| Complete 
| 226|0x000000008e200000, 0x000000008e300000, 0x000000008e300000|100%| E|CS|TAMS 0x000000008e200000, 0x000000008e200000| Complete 
| 227|0x000000008e300000, 0x000000008e400000, 0x000000008e400000|100%| E|CS|TAMS 0x000000008e300000, 0x000000008e300000| Complete 
| 228|0x000000008e400000, 0x000000008e500000, 0x000000008e500000|100%| E|CS|TAMS 0x000000008e400000, 0x000000008e400000| Complete 
| 229|0x000000008e500000, 0x000000008e600000, 0x000000008e600000|100%| E|CS|TAMS 0x000000008e500000, 0x000000008e500000| Complete 
| 230|0x000000008e600000, 0x000000008e700000, 0x000000008e700000|100%| E|CS|TAMS 0x000000008e600000, 0x000000008e600000| Complete 
| 231|0x000000008e700000, 0x000000008e800000, 0x000000008e800000|100%| E|CS|TAMS 0x000000008e700000, 0x000000008e700000| Complete 
| 232|0x000000008e800000, 0x000000008e900000, 0x000000008e900000|100%| E|CS|TAMS 0x000000008e800000, 0x000000008e800000| Complete 
| 233|0x000000008e900000, 0x000000008ea00000, 0x000000008ea00000|100%| E|CS|TAMS 0x000000008e900000, 0x000000008e900000| Complete 
| 234|0x000000008ea00000, 0x000000008eb00000, 0x000000008eb00000|100%| E|CS|TAMS 0x000000008ea00000, 0x000000008ea00000| Complete 
| 235|0x000000008eb00000, 0x000000008ec00000, 0x000000008ec00000|100%| E|CS|TAMS 0x000000008eb00000, 0x000000008eb00000| Complete 
| 236|0x000000008ec00000, 0x000000008ed00000, 0x000000008ed00000|100%| E|CS|TAMS 0x000000008ec00000, 0x000000008ec00000| Complete 
| 237|0x000000008ed00000, 0x000000008ee00000, 0x000000008ee00000|100%| E|CS|TAMS 0x000000008ed00000, 0x000000008ed00000| Complete 
| 238|0x000000008ee00000, 0x000000008ef00000, 0x000000008ef00000|100%| E|CS|TAMS 0x000000008ee00000, 0x000000008ee00000| Complete 
| 239|0x000000008ef00000, 0x000000008f000000, 0x000000008f000000|100%| E|CS|TAMS 0x000000008ef00000, 0x000000008ef00000| Complete 
| 240|0x000000008f000000, 0x000000008f100000, 0x000000008f100000|100%| E|CS|TAMS 0x000000008f000000, 0x000000008f000000| Complete 
| 241|0x000000008f100000, 0x000000008f200000, 0x000000008f200000|100%| E|CS|TAMS 0x000000008f100000, 0x000000008f100000| Complete 
| 242|0x000000008f200000, 0x000000008f300000, 0x000000008f300000|100%| E|CS|TAMS 0x000000008f200000, 0x000000008f200000| Complete 
| 243|0x000000008f300000, 0x000000008f400000, 0x000000008f400000|100%| E|CS|TAMS 0x000000008f300000, 0x000000008f300000| Complete 
| 244|0x000000008f400000, 0x000000008f500000, 0x000000008f500000|100%| E|CS|TAMS 0x000000008f400000, 0x000000008f400000| Complete 
| 245|0x000000008f500000, 0x000000008f600000, 0x000000008f600000|100%| E|CS|TAMS 0x000000008f500000, 0x000000008f500000| Complete 
| 246|0x000000008f600000, 0x000000008f700000, 0x000000008f700000|100%| E|CS|TAMS 0x000000008f600000, 0x000000008f600000| Complete 
| 247|0x000000008f700000, 0x000000008f800000, 0x000000008f800000|100%| E|CS|TAMS 0x000000008f700000, 0x000000008f700000| Complete 
| 248|0x000000008f800000, 0x000000008f900000, 0x000000008f900000|100%| E|CS|TAMS 0x000000008f800000, 0x000000008f800000| Complete 
| 249|0x000000008f900000, 0x000000008fa00000, 0x000000008fa00000|100%| E|CS|TAMS 0x000000008f900000, 0x000000008f900000| Complete 
| 250|0x000000008fa00000, 0x000000008fb00000, 0x000000008fb00000|100%| E|CS|TAMS 0x000000008fa00000, 0x000000008fa00000| Complete 
| 251|0x000000008fb00000, 0x000000008fc00000, 0x000000008fc00000|100%| E|CS|TAMS 0x000000008fb00000, 0x000000008fb00000| Complete 
| 252|0x000000008fc00000, 0x000000008fd00000, 0x000000008fd00000|100%| E|CS|TAMS 0x000000008fc00000, 0x000000008fc00000| Complete 
| 253|0x000000008fd00000, 0x000000008fe00000, 0x000000008fe00000|100%| E|CS|TAMS 0x000000008fd00000, 0x000000008fd00000| Complete 
| 254|0x000000008fe00000, 0x000000008ff00000, 0x000000008ff00000|100%| E|CS|TAMS 0x000000008fe00000, 0x000000008fe00000| Complete 
| 255|0x000000008ff00000, 0x0000000090000000, 0x0000000090000000|100%| E|CS|TAMS 0x000000008ff00000, 0x000000008ff00000| Complete 
| 256|0x0000000090000000, 0x0000000090100000, 0x0000000090100000|100%| E|CS|TAMS 0x0000000090000000, 0x0000000090000000| Complete 
| 257|0x0000000090100000, 0x0000000090200000, 0x0000000090200000|100%| E|CS|TAMS 0x0000000090100000, 0x0000000090100000| Complete 
| 258|0x0000000090200000, 0x0000000090300000, 0x0000000090300000|100%| E|CS|TAMS 0x0000000090200000, 0x0000000090200000| Complete 
| 259|0x0000000090300000, 0x0000000090400000, 0x0000000090400000|100%| E|CS|TAMS 0x0000000090300000, 0x0000000090300000| Complete 
| 260|0x0000000090400000, 0x0000000090500000, 0x0000000090500000|100%| E|CS|TAMS 0x0000000090400000, 0x0000000090400000| Complete 
| 261|0x0000000090500000, 0x0000000090600000, 0x0000000090600000|100%| E|CS|TAMS 0x0000000090500000, 0x0000000090500000| Complete 
| 262|0x0000000090600000, 0x0000000090700000, 0x0000000090700000|100%| E|CS|TAMS 0x0000000090600000, 0x0000000090600000| Complete 
| 263|0x0000000090700000, 0x0000000090800000, 0x0000000090800000|100%| E|CS|TAMS 0x0000000090700000, 0x0000000090700000| Complete 
| 264|0x0000000090800000, 0x0000000090900000, 0x0000000090900000|100%| E|CS|TAMS 0x0000000090800000, 0x0000000090800000| Complete 
| 265|0x0000000090900000, 0x0000000090a00000, 0x0000000090a00000|100%| E|CS|TAMS 0x0000000090900000, 0x0000000090900000| Complete 
| 266|0x0000000090a00000, 0x0000000090b00000, 0x0000000090b00000|100%| E|CS|TAMS 0x0000000090a00000, 0x0000000090a00000| Complete 
| 267|0x0000000090b00000, 0x0000000090c00000, 0x0000000090c00000|100%| E|CS|TAMS 0x0000000090b00000, 0x0000000090b00000| Complete 
| 268|0x0000000090c00000, 0x0000000090d00000, 0x0000000090d00000|100%| E|CS|TAMS 0x0000000090c00000, 0x0000000090c00000| Complete 
| 269|0x0000000090d00000, 0x0000000090e00000, 0x0000000090e00000|100%| E|CS|TAMS 0x0000000090d00000, 0x0000000090d00000| Complete 
| 270|0x0000000090e00000, 0x0000000090f00000, 0x0000000090f00000|100%| E|CS|TAMS 0x0000000090e00000, 0x0000000090e00000| Complete 
| 271|0x0000000090f00000, 0x0000000091000000, 0x0000000091000000|100%| E|CS|TAMS 0x0000000090f00000, 0x0000000090f00000| Complete 
| 272|0x0000000091000000, 0x0000000091100000, 0x0000000091100000|100%| E|CS|TAMS 0x0000000091000000, 0x0000000091000000| Complete 
| 273|0x0000000091100000, 0x0000000091200000, 0x0000000091200000|100%| E|CS|TAMS 0x0000000091100000, 0x0000000091100000| Complete 
| 274|0x0000000091200000, 0x0000000091300000, 0x0000000091300000|100%| E|CS|TAMS 0x0000000091200000, 0x0000000091200000| Complete 
| 275|0x0000000091300000, 0x0000000091400000, 0x0000000091400000|100%| E|CS|TAMS 0x0000000091300000, 0x0000000091300000| Complete 
| 276|0x0000000091400000, 0x0000000091500000, 0x0000000091500000|100%| E|CS|TAMS 0x0000000091400000, 0x0000000091400000| Complete 
| 277|0x0000000091500000, 0x0000000091600000, 0x0000000091600000|100%| E|CS|TAMS 0x0000000091500000, 0x0000000091500000| Complete 
| 278|0x0000000091600000, 0x0000000091700000, 0x0000000091700000|100%| E|CS|TAMS 0x0000000091600000, 0x0000000091600000| Complete 
| 279|0x0000000091700000, 0x0000000091800000, 0x0000000091800000|100%| E|CS|TAMS 0x0000000091700000, 0x0000000091700000| Complete 
| 280|0x0000000091800000, 0x0000000091900000, 0x0000000091900000|100%| E|CS|TAMS 0x0000000091800000, 0x0000000091800000| Complete 
| 457|0x000000009c900000, 0x000000009ca00000, 0x000000009ca00000|100%| E|CS|TAMS 0x000000009c900000, 0x000000009c900000| Complete 
| 458|0x000000009ca00000, 0x000000009cb00000, 0x000000009cb00000|100%| E|CS|TAMS 0x000000009ca00000, 0x000000009ca00000| Complete 
| 459|0x000000009cb00000, 0x000000009cc00000, 0x000000009cc00000|100%| E|CS|TAMS 0x000000009cb00000, 0x000000009cb00000| Complete 
| 460|0x000000009cc00000, 0x000000009cd00000, 0x000000009cd00000|100%| E|CS|TAMS 0x000000009cc00000, 0x000000009cc00000| Complete 
| 461|0x000000009cd00000, 0x000000009ce00000, 0x000000009ce00000|100%| E|CS|TAMS 0x000000009cd00000, 0x000000009cd00000| Complete 
| 462|0x000000009ce00000, 0x000000009cf00000, 0x000000009cf00000|100%| E|CS|TAMS 0x000000009ce00000, 0x000000009ce00000| Complete 
| 463|0x000000009cf00000, 0x000000009d000000, 0x000000009d000000|100%| E|CS|TAMS 0x000000009cf00000, 0x000000009cf00000| Complete 
| 464|0x000000009d000000, 0x000000009d100000, 0x000000009d100000|100%| E|CS|TAMS 0x000000009d000000, 0x000000009d000000| Complete 
| 511|0x000000009ff00000, 0x00000000a0000000, 0x00000000a0000000|100%| E|CS|TAMS 0x000000009ff00000, 0x000000009ff00000| Complete 

Card table byte_map: [0x0000018479960000,0x0000018479d60000] _byte_map_base: 0x0000018479560000

Marking Bits (Prev, Next): (CMBitMap*) 0x0000018475b7e0b0, (CMBitMap*) 0x0000018475b7e0f0
 Prev Bits: [0x000001847a160000, 0x000001847c160000)
 Next Bits: [0x000001847c160000, 0x000001847e160000)

Polling page: 0x0000018473800000

Metaspace:

Usage:
  Non-class:     45.34 MB used.
      Class:      7.23 MB used.
       Both:     52.57 MB used.

Virtual space:
  Non-class space:       64.00 MB reserved,      45.62 MB ( 71%) committed,  1 nodes.
      Class space:        1.00 GB reserved,       7.50 MB ( <1%) committed,  1 nodes.
             Both:        1.06 GB reserved,      53.12 MB (  5%) committed. 

Chunk freelists:
   Non-Class:  2.20 MB
       Class:  8.43 MB
        Both:  10.63 MB

MaxMetaspaceSize: unlimited
CompressedClassSpaceSize: 1.00 GB
Initial GC threshold: 21.00 MB
Current GC threshold: 59.00 MB
CDS: off
MetaspaceReclaimPolicy: balanced
 - commit_granule_bytes: 65536.
 - commit_granule_words: 8192.
 - virtual_space_node_default_size: 8388608.
 - enlarge_chunks_in_place: 1.
 - new_chunks_are_fully_committed: 0.
 - uncommit_free_chunks: 1.
 - use_allocation_guard: 0.
 - handle_deallocations: 1.


Internal statistics:

num_allocs_failed_limit: 6.
num_arena_births: 592.
num_arena_deaths: 0.
num_vsnodes_births: 2.
num_vsnodes_deaths: 0.
num_space_committed: 850.
num_space_uncommitted: 0.
num_chunks_returned_to_freelist: 6.
num_chunks_taken_from_freelist: 2337.
num_chunk_merges: 6.
num_chunk_splits: 1544.
num_chunks_enlarged: 1053.
num_inconsistent_stats: 0.

CodeHeap 'non-profiled nmethods': size=120000Kb used=2024Kb max_used=3070Kb free=117975Kb
 bounds [0x0000018407ad0000, 0x0000018407dd0000, 0x000001840f000000]
CodeHeap 'profiled nmethods': size=120000Kb used=7692Kb max_used=9485Kb free=112308Kb
 bounds [0x0000018400000000, 0x0000018400950000, 0x0000018407530000]
CodeHeap 'non-nmethods': size=5760Kb used=1616Kb max_used=1735Kb free=4143Kb
 bounds [0x0000018407530000, 0x00000184077a0000, 0x0000018407ad0000]
 total_blobs=4697 nmethods=4013 adapters=596
 compilation: enabled
              stopped_count=0, restarted_count=0
 full_count=0

Compilation events (20 events):
Event: 10.182 Thread 0x000001847ef47f50 nmethod 4669 0x0000018407dbfe10 code [0x0000018407dbffa0, 0x0000018407dc0078]
Event: 10.182 Thread 0x000001847ef47f50 4670       1       java.util.stream.ForEachOps$ForEachOp::get (2 bytes)
Event: 10.182 Thread 0x000001847ef47f50 nmethod 4670 0x0000018407dc0110 code [0x0000018407dc02a0, 0x0000018407dc0378]
Event: 10.182 Thread 0x000001847ef47f50 4671       3       org.gradle.internal.event.BroadcastDispatch$SingletonDispatch::dispatch (9 bytes)
Event: 10.182 Thread 0x000001847ef47f50 nmethod 4671 0x0000018400936690 code [0x0000018400936840, 0x0000018400936b68]
Event: 10.182 Thread 0x000001847ef47f50 4673       3       org.gradle.internal.snapshot.MediumChildMap::withNode (67 bytes)
Event: 10.183 Thread 0x000001847ef47f50 nmethod 4673 0x0000018400936c90 code [0x0000018400936ec0, 0x0000018400937758]
Event: 10.183 Thread 0x000001847ef47f50 4674       3       org.gradle.internal.snapshot.RelativePathTracker::leave (29 bytes)
Event: 10.183 Thread 0x000001847ef47f50 nmethod 4674 0x0000018400937a10 code [0x0000018400937bc0, 0x0000018400937ee8]
Event: 10.183 Thread 0x000001847ef47f50 4672       3       org.gradle.internal.event.BroadcastDispatch$SingletonDispatch::dispatch (10 bytes)
Event: 10.183 Thread 0x000001847ef47f50 nmethod 4672 0x0000018400938010 code [0x00000184009381a0, 0x0000018400938368]
Event: 10.184 Thread 0x000001847ef47f50 4675       1       org.gradle.internal.instantiation.generator.DefaultInstantiationScheme::instantiator (5 bytes)
Event: 10.184 Thread 0x000001847ef47f50 nmethod 4675 0x0000018407dc0410 code [0x0000018407dc05a0, 0x0000018407dc0678]
Event: 10.185 Thread 0x000001847ef43d30 4676       4       com.google.common.collect.AbstractIndexedListIterator::next (31 bytes)
Event: 10.185 Thread 0x000001847ef47f50 4677       1       org.gradle.api.attributes.Attribute::getName (5 bytes)
Event: 10.185 Thread 0x000001847ef47f50 nmethod 4677 0x0000018407dc0710 code [0x0000018407dc08a0, 0x0000018407dc0978]
Event: 10.185 Thread 0x000001847ef47f50 4679       3       java.lang.ThreadLocal$ThreadLocalMap::getEntryAfterMiss (59 bytes)
Event: 10.186 Thread 0x000001847ef47f50 nmethod 4679 0x0000018400938410 code [0x0000018400938600, 0x0000018400938c08]
Event: 10.186 Thread 0x000001847ef43d30 nmethod 4676 0x0000018407dc0a10 code [0x0000018407dc0b80, 0x0000018407dc0c58]
Event: 10.186 Thread 0x000001847ef43d30 4678       4       java.lang.ThreadLocal::get (38 bytes)

GC Heap History (18 events):
Event: 0.473 GC heap before
{Heap before GC invocations=0 (full 0):
 garbage-first heap   total 524288K, used 28672K [0x0000000080000000, 0x0000000100000000)
  region size 1024K, 25 young (25600K), 0 survivors (0K)
 Metaspace       used 10532K, committed 10688K, reserved 1114112K
  class space    used 1091K, committed 1152K, reserved 1048576K
}
Event: 0.476 GC heap after
{Heap after GC invocations=1 (full 0):
 garbage-first heap   total 524288K, used 10937K [0x0000000080000000, 0x0000000100000000)
  region size 1024K, 4 young (4096K), 4 survivors (4096K)
 Metaspace       used 10532K, committed 10688K, reserved 1114112K
  class space    used 1091K, committed 1152K, reserved 1048576K
}
Event: 0.768 GC heap before
{Heap before GC invocations=1 (full 0):
 garbage-first heap   total 524288K, used 41657K [0x0000000080000000, 0x0000000100000000)
  region size 1024K, 33 young (33792K), 4 survivors (4096K)
 Metaspace       used 11498K, committed 11648K, reserved 1114112K
  class space    used 1198K, committed 1280K, reserved 1048576K
}
Event: 0.771 GC heap after
{Heap after GC invocations=2 (full 0):
 garbage-first heap   total 524288K, used 13837K [0x0000000080000000, 0x0000000100000000)
  region size 1024K, 4 young (4096K), 4 survivors (4096K)
 Metaspace       used 11498K, committed 11648K, reserved 1114112K
  class space    used 1198K, committed 1280K, reserved 1048576K
}
Event: 1.360 GC heap before
{Heap before GC invocations=2 (full 0):
 garbage-first heap   total 524288K, used 56845K [0x0000000080000000, 0x0000000100000000)
  region size 1024K, 47 young (48128K), 4 survivors (4096K)
 Metaspace       used 21359K, committed 21504K, reserved 1114112K
  class space    used 2553K, committed 2624K, reserved 1048576K
}
Event: 1.364 GC heap after
{Heap after GC invocations=3 (full 0):
 garbage-first heap   total 524288K, used 18735K [0x0000000080000000, 0x0000000100000000)
  region size 1024K, 8 young (8192K), 8 survivors (8192K)
 Metaspace       used 21359K, committed 21504K, reserved 1114112K
  class space    used 2553K, committed 2624K, reserved 1048576K
}
Event: 1.687 GC heap before
{Heap before GC invocations=4 (full 0):
 garbage-first heap   total 68608K, used 51503K [0x0000000080000000, 0x0000000100000000)
  region size 1024K, 40 young (40960K), 8 survivors (8192K)
 Metaspace       used 26262K, committed 26560K, reserved 1114112K
  class space    used 3423K, committed 3584K, reserved 1048576K
}
Event: 1.691 GC heap after
{Heap after GC invocations=5 (full 0):
 garbage-first heap   total 68608K, used 20701K [0x0000000080000000, 0x0000000100000000)
  region size 1024K, 3 young (3072K), 3 survivors (3072K)
 Metaspace       used 26262K, committed 26560K, reserved 1114112K
  class space    used 3423K, committed 3584K, reserved 1048576K
}
Event: 3.649 GC heap before
{Heap before GC invocations=5 (full 0):
 garbage-first heap   total 68608K, used 47325K [0x0000000080000000, 0x0000000100000000)
  region size 1024K, 29 young (29696K), 3 survivors (3072K)
 Metaspace       used 29974K, committed 30272K, reserved 1114112K
  class space    used 4016K, committed 4160K, reserved 1048576K
}
Event: 3.651 GC heap after
{Heap after GC invocations=6 (full 0):
 garbage-first heap   total 68608K, used 22313K [0x0000000080000000, 0x0000000100000000)
  region size 1024K, 4 young (4096K), 4 survivors (4096K)
 Metaspace       used 29974K, committed 30272K, reserved 1114112K
  class space    used 4016K, committed 4160K, reserved 1048576K
}
Event: 8.854 GC heap before
{Heap before GC invocations=6 (full 0):
 garbage-first heap   total 68608K, used 48937K [0x0000000080000000, 0x0000000100000000)
  region size 1024K, 30 young (30720K), 4 survivors (4096K)
 Metaspace       used 33179K, committed 33472K, reserved 1114112K
  class space    used 4537K, committed 4672K, reserved 1048576K
}
Event: 8.856 GC heap after
{Heap after GC invocations=7 (full 0):
 garbage-first heap   total 68608K, used 23197K [0x0000000080000000, 0x0000000100000000)
  region size 1024K, 3 young (3072K), 3 survivors (3072K)
 Metaspace       used 33179K, committed 33472K, reserved 1114112K
  class space    used 4537K, committed 4672K, reserved 1048576K
}
Event: 8.980 GC heap before
{Heap before GC invocations=7 (full 0):
 garbage-first heap   total 68608K, used 38557K [0x0000000080000000, 0x0000000100000000)
  region size 1024K, 19 young (19456K), 3 survivors (3072K)
 Metaspace       used 35784K, committed 36096K, reserved 1114112K
  class space    used 4921K, committed 5056K, reserved 1048576K
}
Event: 8.982 GC heap after
{Heap after GC invocations=8 (full 0):
 garbage-first heap   total 68608K, used 24486K [0x0000000080000000, 0x0000000100000000)
  region size 1024K, 3 young (3072K), 3 survivors (3072K)
 Metaspace       used 35784K, committed 36096K, reserved 1114112K
  class space    used 4921K, committed 5056K, reserved 1048576K
}
Event: 9.216 GC heap before
{Heap before GC invocations=9 (full 0):
 garbage-first heap   total 68608K, used 50086K [0x0000000080000000, 0x0000000100000000)
  region size 1024K, 29 young (29696K), 3 survivors (3072K)
 Metaspace       used 40947K, committed 41344K, reserved 1114112K
  class space    used 5428K, committed 5632K, reserved 1048576K
}
Event: 9.218 GC heap after
{Heap after GC invocations=10 (full 0):
 garbage-first heap   total 68608K, used 27812K [0x0000000080000000, 0x0000000100000000)
  region size 1024K, 4 young (4096K), 4 survivors (4096K)
 Metaspace       used 40947K, committed 41344K, reserved 1114112K
  class space    used 5428K, committed 5632K, reserved 1048576K
}
Event: 9.322 GC heap before
{Heap before GC invocations=10 (full 0):
 garbage-first heap   total 68608K, used 51364K [0x0000000080000000, 0x0000000100000000)
  region size 1024K, 27 young (27648K), 4 survivors (4096K)
 Metaspace       used 41917K, committed 42304K, reserved 1114112K
  class space    used 5590K, committed 5760K, reserved 1048576K
}
Event: 9.325 GC heap after
{Heap after GC invocations=11 (full 0):
 garbage-first heap   total 296960K, used 28826K [0x0000000080000000, 0x0000000100000000)
  region size 1024K, 2 young (2048K), 2 survivors (2048K)
 Metaspace       used 41917K, committed 42304K, reserved 1114112K
  class space    used 5590K, committed 5760K, reserved 1048576K
}

Dll operation events (3 events):
Event: 0.005 Loaded shared library H:\Stuff for Android App Class hehe\jbr\bin\java.dll
Event: 0.093 Loaded shared library H:\Stuff for Android App Class hehe\jbr\bin\zip.dll
Event: 0.281 Loaded shared library H:\Stuff for Android App Class hehe\jbr\bin\verify.dll

Deoptimization events (20 events):
Event: 9.999 Thread 0x0000018417029450 DEOPT PACKING pc=0x0000018407cd7a38 sp=0x0000004b3f6f8300
Event: 9.999 Thread 0x0000018417029450 DEOPT UNPACKING pc=0x00000184075869a3 sp=0x0000004b3f6f8340 mode 2
Event: 10.000 Thread 0x0000018417029450 Uncommon trap: trap_request=0xffffffde fr.pc=0x0000018407d7b3d8 relative=0x0000000000005298
Event: 10.000 Thread 0x0000018417029450 Uncommon trap: reason=class_check action=maybe_recompile pc=0x0000018407d7b3d8 method=java.net.URLClassLoader.defineClass(Ljava/lang/String;Ljdk/internal/loader/Resource;)Ljava/lang/Class; @ 34 c2
Event: 10.000 Thread 0x0000018417029450 DEOPT PACKING pc=0x0000018407d7b3d8 sp=0x0000004b3f6f8440
Event: 10.000 Thread 0x0000018417029450 DEOPT UNPACKING pc=0x00000184075869a3 sp=0x0000004b3f6f83e8 mode 2
Event: 10.065 Thread 0x0000018417029450 Uncommon trap: trap_request=0xffffff45 fr.pc=0x0000018407c78d30 relative=0x00000000000002f0
Event: 10.065 Thread 0x0000018417029450 Uncommon trap: reason=unstable_if action=reinterpret pc=0x0000018407c78d30 method=org.gradle.internal.reflect.PropertyAccessorType.isGetGetterName(Ljava/lang/String;)Z @ 14 c2
Event: 10.065 Thread 0x0000018417029450 DEOPT PACKING pc=0x0000018407c78d30 sp=0x0000004b3f6f8ec0
Event: 10.065 Thread 0x0000018417029450 DEOPT UNPACKING pc=0x00000184075869a3 sp=0x0000004b3f6f8e18 mode 2
Event: 10.077 Thread 0x0000018417029450 Uncommon trap: trap_request=0xffffff45 fr.pc=0x0000018407c6bd68 relative=0x00000000000000e8
Event: 10.077 Thread 0x0000018417029450 Uncommon trap: reason=unstable_if action=reinterpret pc=0x0000018407c6bd68 method=org.objectweb.asm.ByteVector.putShort(I)Lorg/objectweb/asm/ByteVector; @ 13 c2
Event: 10.077 Thread 0x0000018417029450 DEOPT PACKING pc=0x0000018407c6bd68 sp=0x0000004b3f6f8ad0
Event: 10.077 Thread 0x0000018417029450 DEOPT UNPACKING pc=0x00000184075869a3 sp=0x0000004b3f6f8a68 mode 2
Event: 10.094 Thread 0x0000018417029450 Uncommon trap: trap_request=0xffffff45 fr.pc=0x0000018407d1f5b8 relative=0x00000000000016d8
Event: 10.094 Thread 0x0000018417029450 Uncommon trap: reason=unstable_if action=reinterpret pc=0x0000018407d1f5b8 method=java.util.concurrent.ConcurrentHashMap.computeIfAbsent(Ljava/lang/Object;Ljava/util/function/Function;)Ljava/lang/Object; @ 123 c2
Event: 10.094 Thread 0x0000018417029450 DEOPT PACKING pc=0x0000018407d1f5b8 sp=0x0000004b3f6f9db0
Event: 10.094 Thread 0x0000018417029450 DEOPT UNPACKING pc=0x00000184075869a3 sp=0x0000004b3f6f9d30 mode 2
Event: 10.130 Thread 0x0000018417029450 DEOPT PACKING pc=0x00000184003cec9b sp=0x0000004b3f6f8500
Event: 10.130 Thread 0x0000018417029450 DEOPT UNPACKING pc=0x0000018407587143 sp=0x0000004b3f6f7970 mode 0

Classes unloaded (0 events):
No events

Classes redefined (0 events):
No events

Internal exceptions (20 events):
Event: 9.599 Thread 0x0000018417029450 Exception <a 'java/lang/NoSuchMethodError'{0x00000000903fdb70}: 'void java.lang.invoke.DirectMethodHandle$Holder.invokeInterface(java.lang.Object, java.lang.Object)'> (0x00000000903fdb70) 
thrown [s\src\hotspot\share\interpreter\linkResolver.cpp, line 771]
Event: 9.599 Thread 0x0000018417029450 Exception <a 'java/lang/IncompatibleClassChangeError'{0x0000000090209450}: Found class java.lang.Object, but interface was expected> (0x0000000090209450) 
thrown [s\src\hotspot\share\interpreter\linkResolver.cpp, line 838]
Event: 9.623 Thread 0x0000018417029450 Exception <a 'java/lang/NoSuchMethodError'{0x00000000900b2750}: 'java.lang.Object java.lang.invoke.DirectMethodHandle$Holder.newInvokeSpecial(java.lang.Object, int, java.lang.Object)'> (0x00000000900b2750) 
thrown [s\src\hotspot\share\interpreter\linkResolver.cpp, line 771]
Event: 9.767 Thread 0x0000018417029450 Exception <a 'sun/nio/fs/WindowsException'{0x000000008f068ce0}> (0x000000008f068ce0) 
thrown [s\src\hotspot\share\prims\jni.cpp, line 517]
Event: 9.767 Thread 0x0000018417029450 Exception <a 'sun/nio/fs/WindowsException'{0x000000008f068f10}> (0x000000008f068f10) 
thrown [s\src\hotspot\share\prims\jni.cpp, line 517]
Event: 9.767 Thread 0x0000018417029450 Exception <a 'sun/nio/fs/WindowsException'{0x000000008f06b650}> (0x000000008f06b650) 
thrown [s\src\hotspot\share\prims\jni.cpp, line 517]
Event: 9.767 Thread 0x0000018417029450 Exception <a 'sun/nio/fs/WindowsException'{0x000000008f06b970}> (0x000000008f06b970) 
thrown [s\src\hotspot\share\prims\jni.cpp, line 517]
Event: 9.768 Thread 0x0000018417029450 Exception <a 'java/lang/NoSuchMethodError'{0x000000008f079188}: 'java.lang.Object java.lang.invoke.DirectMethodHandle$Holder.newInvokeSpecial(java.lang.Object, java.lang.Object, int)'> (0x000000008f079188) 
thrown [s\src\hotspot\share\interpreter\linkResolver.cpp, line 771]
Event: 9.782 Thread 0x0000018417029450 Exception <a 'sun/nio/fs/WindowsException'{0x000000008eff0e60}> (0x000000008eff0e60) 
thrown [s\src\hotspot\share\prims\jni.cpp, line 517]
Event: 9.782 Thread 0x0000018417029450 Exception <a 'sun/nio/fs/WindowsException'{0x000000008eff1180}> (0x000000008eff1180) 
thrown [s\src\hotspot\share\prims\jni.cpp, line 517]
Event: 9.802 Thread 0x0000018417029450 Exception <a 'java/lang/NoSuchMethodError'{0x000000008edf5b30}: 'int java.lang.invoke.DirectMethodHandle$Holder.invokeStatic(java.lang.Object)'> (0x000000008edf5b30) 
thrown [s\src\hotspot\share\interpreter\linkResolver.cpp, line 771]
Event: 9.802 Thread 0x0000018417029450 Exception <a 'java/lang/NoSuchMethodError'{0x000000008edf9c78}: 'int java.lang.invoke.DirectMethodHandle$Holder.invokeStaticInit(java.lang.Object)'> (0x000000008edf9c78) 
thrown [s\src\hotspot\share\interpreter\linkResolver.cpp, line 771]
Event: 9.893 Thread 0x0000018417029450 Exception <a 'java/lang/NoSuchMethodError'{0x000000008e445818}: 'void java.lang.invoke.DirectMethodHandle$Holder.invokeStatic(java.lang.Object, java.lang.Object, java.lang.Object, java.lang.Object, java.lang.Object, java.lang.Object, java.lang.Object)'> (0x000000008e445818) 
thrown [s\src\hotspot\share\interpreter\linkResolver.cpp, line 771]
Event: 9.896 Thread 0x0000018417029450 Exception <a 'java/lang/NoSuchMethodError'{0x000000008e48e940}: 'java.lang.Object java.lang.invoke.DirectMethodHandle$Holder.invokeVirtual(java.lang.Object, java.lang.Object, int)'> (0x000000008e48e940) 
thrown [s\src\hotspot\share\interpreter\linkResolver.cpp, line 771]
Event: 9.995 Thread 0x0000018416cc63d0 Exception <a 'java/lang/NoSuchMethodError'{0x000000008dba42b8}: static Lorg/gradle/internal/build/event/types/DefaultOperationStartedProgressEvent;.<clinit>()V> (0x000000008dba42b8) 
thrown [s\src\hotspot\share\prims\jni.cpp, line 1108]
Event: 9.995 Thread 0x0000018416cc63d0 Exception <a 'java/lang/NoSuchMethodError'{0x000000008dba6590}: static Lorg/gradle/internal/build/event/types/AbstractProgressEvent;.<clinit>()V> (0x000000008dba6590) 
thrown [s\src\hotspot\share\prims\jni.cpp, line 1108]
Event: 9.996 Thread 0x0000018416cc63d0 Exception <a 'java/lang/NoSuchMethodError'{0x000000008dbb77f8}: static Lorg/gradle/internal/build/event/types/DefaultProjectConfigurationDescriptor;.<clinit>()V> (0x000000008dbb77f8) 
thrown [s\src\hotspot\share\prims\jni.cpp, line 1108]
Event: 9.996 Thread 0x0000018416cc63d0 Exception <a 'java/lang/NoSuchMethodError'{0x000000008dbb9e90}: static Lorg/gradle/internal/build/event/types/DefaultOperationDescriptor;.<clinit>()V> (0x000000008dbb9e90) 
thrown [s\src\hotspot\share\prims\jni.cpp, line 1108]
Event: 9.997 Thread 0x0000018416cc63d0 Exception <a 'java/lang/NoSuchMethodError'{0x000000008dbd0810}: static Lorg/gradle/internal/operations/OperationIdentifier;.<clinit>()V> (0x000000008dbd0810) 
thrown [s\src\hotspot\share\prims\jni.cpp, line 1108]
Event: 10.062 Thread 0x0000018417029450 Exception <a 'java/lang/NoSuchMethodError'{0x000000008d32d198}: 'long java.lang.invoke.DirectMethodHandle$Holder.invokeStatic(java.lang.Object, long)'> (0x000000008d32d198) 
thrown [s\src\hotspot\share\interpreter\linkResolver.cpp, line 771]

VM Operations (20 events):
Event: 9.216 Executing VM operation: G1CollectForAllocation
Event: 9.218 Executing VM operation: G1CollectForAllocation done
Event: 9.322 Executing VM operation: G1CollectForAllocation
Event: 9.325 Executing VM operation: G1CollectForAllocation done
Event: 9.378 Executing VM operation: HandshakeAllThreads
Event: 9.378 Executing VM operation: HandshakeAllThreads done
Event: 9.392 Executing VM operation: HandshakeAllThreads
Event: 9.392 Executing VM operation: HandshakeAllThreads done
Event: 9.528 Executing VM operation: HandshakeAllThreads
Event: 9.528 Executing VM operation: HandshakeAllThreads done
Event: 9.805 Executing VM operation: ICBufferFull
Event: 9.805 Executing VM operation: ICBufferFull done
Event: 9.826 Executing VM operation: HandshakeAllThreads
Event: 9.826 Executing VM operation: HandshakeAllThreads done
Event: 9.879 Executing VM operation: HandshakeAllThreads
Event: 9.879 Executing VM operation: HandshakeAllThreads done
Event: 9.959 Executing VM operation: HandshakeAllThreads
Event: 9.960 Executing VM operation: HandshakeAllThreads done
Event: 10.003 Executing VM operation: ICBufferFull
Event: 10.003 Executing VM operation: ICBufferFull done

Events (20 events):
Event: 9.995 loading class java/io/ObjectStreamClass$3 done
Event: 9.995 loading class java/io/ObjectStreamClass$4
Event: 9.995 loading class java/io/ObjectStreamClass$4 done
Event: 9.995 loading class java/io/ObjectStreamClass$5
Event: 9.995 loading class java/io/ObjectStreamClass$5 done
Event: 9.995 loading class java/io/ObjectStreamClass$ClassDataSlot
Event: 9.995 loading class java/io/ObjectStreamClass$ClassDataSlot done
Event: 9.996 loading class jdk/internal/reflect/UnsafeQualifiedStaticLongFieldAccessorImpl
Event: 9.996 loading class jdk/internal/reflect/UnsafeQualifiedStaticLongFieldAccessorImpl done
Event: 9.998 loading class java/io/SerialCallbackContext
Event: 9.998 loading class java/io/SerialCallbackContext done
Event: 10.034 loading class java/util/DualPivotQuicksort
Event: 10.034 loading class java/util/DualPivotQuicksort done
Event: 10.062 loading class java/util/function/LongUnaryOperator
Event: 10.062 loading class java/util/function/LongUnaryOperator done
Event: 10.134 loading class java/util/Collections$SingletonMap
Event: 10.134 loading class java/util/Collections$SingletonMap done
Event: 10.135 Thread 0x0000018416fe69b0 Thread added: 0x0000018416fe69b0
Event: 10.181 Thread 0x0000018416fe9c50 Thread added: 0x0000018416fe9c50
Event: 10.182 Thread 0x0000018416fe64a0 Thread added: 0x0000018416fe64a0


Dynamic libraries:
0x00007ff66b780000 - 0x00007ff66b78a000 	H:\Stuff for Android App Class hehe\jbr\bin\java.exe
0x00007ffab2150000 - 0x00007ffab2348000 	C:\WINDOWS\SYSTEM32\ntdll.dll
0x00007ffab1460000 - 0x00007ffab1521000 	C:\WINDOWS\System32\KERNEL32.DLL
0x00007ffaafb00000 - 0x00007ffaafdfd000 	C:\WINDOWS\System32\KERNELBASE.dll
0x00007ffaaff60000 - 0x00007ffab0060000 	C:\WINDOWS\System32\ucrtbase.dll
0x00007ffa85910000 - 0x00007ffa85927000 	H:\Stuff for Android App Class hehe\jbr\bin\jli.dll
0x00007ffaa9660000 - 0x00007ffaa967b000 	H:\Stuff for Android App Class hehe\jbr\bin\VCRUNTIME140.dll
0x00007ffab0590000 - 0x00007ffab072d000 	C:\WINDOWS\System32\USER32.dll
0x00007ffa94ac0000 - 0x00007ffa94d5a000 	C:\WINDOWS\WinSxS\amd64_microsoft.windows.common-controls_6595b64144ccf1df_6.0.19041.4355_none_60b8b9eb71f62e16\COMCTL32.dll
0x00007ffaaf8d0000 - 0x00007ffaaf8f2000 	C:\WINDOWS\System32\win32u.dll
0x00007ffab1530000 - 0x00007ffab15ce000 	C:\WINDOWS\System32\msvcrt.dll
0x00007ffab0860000 - 0x00007ffab088b000 	C:\WINDOWS\System32\GDI32.dll
0x00007ffab0060000 - 0x00007ffab0177000 	C:\WINDOWS\System32\gdi32full.dll
0x00007ffaaf800000 - 0x00007ffaaf89d000 	C:\WINDOWS\System32\msvcp_win.dll
0x00007ffab17d0000 - 0x00007ffab17ff000 	C:\WINDOWS\System32\IMM32.DLL
0x00007ffaa9650000 - 0x00007ffaa965c000 	H:\Stuff for Android App Class hehe\jbr\bin\vcruntime140_1.dll
0x00007ffa86300000 - 0x00007ffa8638d000 	H:\Stuff for Android App Class hehe\jbr\bin\msvcp140.dll
0x00007ffa83190000 - 0x00007ffa83e13000 	H:\Stuff for Android App Class hehe\jbr\bin\server\jvm.dll
0x00007ffab01e0000 - 0x00007ffab0290000 	C:\WINDOWS\System32\ADVAPI32.dll
0x00007ffab1060000 - 0x00007ffab1100000 	C:\WINDOWS\System32\sechost.dll
0x00007ffab15d0000 - 0x00007ffab16f3000 	C:\WINDOWS\System32\RPCRT4.dll
0x00007ffaaf8a0000 - 0x00007ffaaf8c7000 	C:\WINDOWS\System32\bcrypt.dll
0x00007ffaaed90000 - 0x00007ffaaeddb000 	C:\WINDOWS\SYSTEM32\POWRPROF.dll
0x00007ffaa55e0000 - 0x00007ffaa5607000 	C:\WINDOWS\SYSTEM32\WINMM.dll
0x00007ffa98c10000 - 0x00007ffa98c19000 	C:\WINDOWS\SYSTEM32\WSOCK32.dll
0x00007ffaa7da0000 - 0x00007ffaa7daa000 	C:\WINDOWS\SYSTEM32\VERSION.dll
0x00007ffab1800000 - 0x00007ffab186b000 	C:\WINDOWS\System32\WS2_32.dll
0x00007ffaaec00000 - 0x00007ffaaec12000 	C:\WINDOWS\SYSTEM32\UMPDC.dll
0x00007ffaad6a0000 - 0x00007ffaad6b2000 	C:\WINDOWS\SYSTEM32\kernel.appcore.dll
0x00007ffa96150000 - 0x00007ffa9615a000 	H:\Stuff for Android App Class hehe\jbr\bin\jimage.dll
0x00007ffaacb40000 - 0x00007ffaacd24000 	C:\WINDOWS\SYSTEM32\DBGHELP.DLL
0x00007ffaa12c0000 - 0x00007ffaa12f4000 	C:\WINDOWS\SYSTEM32\dbgcore.DLL
0x00007ffaafa00000 - 0x00007ffaafa82000 	C:\WINDOWS\System32\bcryptPrimitives.dll
0x00007ffa85930000 - 0x00007ffa8593e000 	H:\Stuff for Android App Class hehe\jbr\bin\instrument.dll
0x00007ffa96120000 - 0x00007ffa96145000 	H:\Stuff for Android App Class hehe\jbr\bin\java.dll
0x00007ffa92bb0000 - 0x00007ffa92bc8000 	H:\Stuff for Android App Class hehe\jbr\bin\zip.dll
0x00007ffab19a0000 - 0x00007ffab210f000 	C:\WINDOWS\System32\SHELL32.dll
0x00007ffaad8a0000 - 0x00007ffaae043000 	C:\WINDOWS\SYSTEM32\windows.storage.dll
0x00007ffab1100000 - 0x00007ffab1453000 	C:\WINDOWS\System32\combase.dll
0x00007ffaaf230000 - 0x00007ffaaf25e000 	C:\WINDOWS\SYSTEM32\Wldp.dll
0x00007ffab1700000 - 0x00007ffab17cd000 	C:\WINDOWS\System32\OLEAUT32.dll
0x00007ffab0d70000 - 0x00007ffab0e1d000 	C:\WINDOWS\System32\SHCORE.dll
0x00007ffab0180000 - 0x00007ffab01d5000 	C:\WINDOWS\System32\shlwapi.dll
0x00007ffaaf730000 - 0x00007ffaaf754000 	C:\WINDOWS\SYSTEM32\profapi.dll
0x00007ffa86100000 - 0x00007ffa86119000 	H:\Stuff for Android App Class hehe\jbr\bin\net.dll
0x00007ffaa9a60000 - 0x00007ffaa9b6d000 	C:\WINDOWS\SYSTEM32\WINHTTP.dll
0x00007ffaaef90000 - 0x00007ffaaeffa000 	C:\WINDOWS\system32\mswsock.dll
0x00007ffa860e0000 - 0x00007ffa860f6000 	H:\Stuff for Android App Class hehe\jbr\bin\nio.dll
0x00007ffa86170000 - 0x00007ffa86180000 	H:\Stuff for Android App Class hehe\jbr\bin\verify.dll
0x00007ffa7dd90000 - 0x00007ffa7ddb7000 	C:\Users\caden\.gradle\native\c067742578af261105cb4f569cf0c3c89f3d7b1fecec35dd04571415982c5e48\windows-amd64\native-platform.dll
0x00007ffa7dc40000 - 0x00007ffa7dd84000 	C:\Users\caden\.gradle\native\38dada09dfb8b06ba9b0570ebf7e218e3eb74d4ef43ca46872605cf95ebc2f47\windows-amd64\native-platform-file-events.dll
0x00007ffa860d0000 - 0x00007ffa860d9000 	H:\Stuff for Android App Class hehe\jbr\bin\management.dll
0x00007ffa85940000 - 0x00007ffa8594b000 	H:\Stuff for Android App Class hehe\jbr\bin\management_ext.dll
0x00007ffab0380000 - 0x00007ffab0388000 	C:\WINDOWS\System32\PSAPI.DLL
0x00007ffaaf190000 - 0x00007ffaaf1a8000 	C:\WINDOWS\SYSTEM32\CRYPTSP.dll
0x00007ffaae840000 - 0x00007ffaae874000 	C:\WINDOWS\system32\rsaenh.dll
0x00007ffaaf6b0000 - 0x00007ffaaf6de000 	C:\WINDOWS\SYSTEM32\USERENV.dll
0x00007ffaaf180000 - 0x00007ffaaf18c000 	C:\WINDOWS\SYSTEM32\CRYPTBASE.dll
0x00007ffaaec20000 - 0x00007ffaaec5b000 	C:\WINDOWS\SYSTEM32\IPHLPAPI.DLL
0x00007ffab0890000 - 0x00007ffab0898000 	C:\WINDOWS\System32\NSI.dll
0x00007ffaab3e0000 - 0x00007ffaab3f7000 	C:\WINDOWS\SYSTEM32\dhcpcsvc6.DLL
0x00007ffaaaee0000 - 0x00007ffaaaefd000 	C:\WINDOWS\SYSTEM32\dhcpcsvc.DLL
0x00007ffaaec60000 - 0x00007ffaaed2a000 	C:\WINDOWS\SYSTEM32\DNSAPI.dll
0x00007ffa88660000 - 0x00007ffa88667000 	C:\WINDOWS\system32\wshunix.dll

dbghelp: loaded successfully - version: 4.0.5 - missing functions: none
symbol engine: initialized successfully - sym options: 0x614 - pdb path: .;H:\Stuff for Android App Class hehe\jbr\bin;C:\WINDOWS\SYSTEM32;C:\WINDOWS\WinSxS\amd64_microsoft.windows.common-controls_6595b64144ccf1df_6.0.19041.4355_none_60b8b9eb71f62e16;H:\Stuff for Android App Class hehe\jbr\bin\server;C:\Users\caden\.gradle\native\c067742578af261105cb4f569cf0c3c89f3d7b1fecec35dd04571415982c5e48\windows-amd64;C:\Users\caden\.gradle\native\38dada09dfb8b06ba9b0570ebf7e218e3eb74d4ef43ca46872605cf95ebc2f47\windows-amd64

VM Arguments:
jvm_args: --add-opens=java.base/java.util=ALL-UNNAMED --add-opens=java.base/java.lang=ALL-UNNAMED --add-opens=java.base/java.lang.invoke=ALL-UNNAMED --add-opens=java.prefs/java.util.prefs=ALL-UNNAMED --add-opens=java.base/java.nio.charset=ALL-UNNAMED --add-opens=java.base/java.net=ALL-UNNAMED --add-opens=java.base/java.util.concurrent.atomic=ALL-UNNAMED -Xmx2048m -Dfile.encoding=UTF-8 -Duser.country=US -Duser.language=en -Duser.variant -javaagent:C:\Users\caden\.gradle\wrapper\dists\gradle-8.4-bin\1w5dpkrfk8irigvoxmyhowfim\gradle-8.4\lib\agents\gradle-instrumentation-agent-8.4.jar 
java_command: org.gradle.launcher.daemon.bootstrap.GradleDaemon 8.4
java_class_path (initial): C:\Users\caden\.gradle\wrapper\dists\gradle-8.4-bin\1w5dpkrfk8irigvoxmyhowfim\gradle-8.4\lib\gradle-launcher-8.4.jar
Launcher Type: SUN_STANDARD

[Global flags]
     intx CICompilerCount                          = 4                                         {product} {ergonomic}
     uint ConcGCThreads                            = 3                                         {product} {ergonomic}
     uint G1ConcRefinementThreads                  = 10                                        {product} {ergonomic}
   size_t G1HeapRegionSize                         = 1048576                                   {product} {ergonomic}
    uintx GCDrainStackTargetSize                   = 64                                        {product} {ergonomic}
   size_t InitialHeapSize                          = 536870912                                 {product} {ergonomic}
   size_t MarkStackSize                            = 4194304                                   {product} {ergonomic}
   size_t MaxHeapSize                              = 2147483648                                {product} {command line}
   size_t MaxNewSize                               = 1287651328                                {product} {ergonomic}
   size_t MinHeapDeltaBytes                        = 1048576                                   {product} {ergonomic}
   size_t MinHeapSize                              = 8388608                                   {product} {ergonomic}
    uintx NonNMethodCodeHeapSize                   = 5839372                                {pd product} {ergonomic}
    uintx NonProfiledCodeHeapSize                  = 122909434                              {pd product} {ergonomic}
    uintx ProfiledCodeHeapSize                     = 122909434                              {pd product} {ergonomic}
    uintx ReservedCodeCacheSize                    = 251658240                              {pd product} {ergonomic}
     bool SegmentedCodeCache                       = true                                      {product} {ergonomic}
   size_t SoftMaxHeapSize                          = 2147483648                             {manageable} {ergonomic}
     bool UseCompressedClassPointers               = true                           {product lp64_product} {ergonomic}
     bool UseCompressedOops                        = true                           {product lp64_product} {ergonomic}
     bool UseG1GC                                  = true                                      {product} {ergonomic}
     bool UseLargePagesIndividualAllocation        = false                                  {pd product} {ergonomic}

Logging:
Log output configuration:
 #0: stdout all=warning uptime,level,tags
 #1: stderr all=off uptime,level,tags

Environment Variables:
CLASSPATH=.;C:\Program Files (x86)\QuickTime\QTSystem\QTJava.zip
PATH=C:\mingw\bin;C:\Program Files\Common Files\Oracle\Java\javapath;C:\Program Files (x86)\Razer Chroma SDK\bin;C:\Program Files\Razer Chroma SDK\bin;C:\Program Files (x86)\Common Files\Intel\Shared Libraries\redist\intel64_win\compiler;C:\Program Files (x86)\Common Files\Intel\Shared Libraries\redist\intel64\compiler;C:\Windows\system32;C:\Windows;C:\Windows\System32\Wbem;C:\Windows\System32\WindowsPowerShell\v1.0\;C:\Windows\System32\OpenSSH\;C:\Program Files\WorldPainter;C:\Program Files (x86)\QuickTime\QTSystem\;C:\Windows\system32\config\systemprofile\AppData\Local\Microsoft\WindowsApps;C:\Program Files (x86)\Razer\ChromaBroadcast\bin;C:\Program Files\Razer\ChromaBroadcast\bin;C:\WINDOWS\system32;C:\WINDOWS;C:\WINDOWS\System32\Wbem;C:\WINDOWS\System32\WindowsPowerShell\v1.0\;C:\WINDOWS\System32\OpenSSH\;H:\Program Files\Git\cmd;C:\Users\caden\AppData\Local\Microsoft\WindowsApps;C:\xampp\mysql\bin;C:\Users\caden\AppData\Local\GitHubDesktop\bin
USERNAME=caden
OS=Windows_NT
PROCESSOR_IDENTIFIER=AMD64 Family 23 Model 113 Stepping 0, AuthenticAMD
TMP=C:\Users\caden\AppData\Local\Temp
TEMP=C:\Users\caden\AppData\Local\Temp



Periodic native trim disabled

JNI global refs:
JNI global refs: 27, weak refs: 0

JNI global refs memory usage: 843, weak refs: 841

OOME stack traces (most recent first):
Classloader memory used:
Loader org.gradle.internal.classloader.VisitableURLClassLoader                         : 3341K
Loader bootstrap                                                                       : 2404K
Loader org.gradle.initialization.MixInLegacyTypesClassLoader                           : 867K
Loader jdk.internal.loader.ClassLoaders$PlatformClassLoader                            : 65078B
Loader jdk.internal.loader.ClassLoaders$AppClassLoader                                 : 28453B
Loader jdk.internal.reflect.DelegatingClassLoader                                      : 16630B
Loader org.gradle.internal.classloader.VisitableURLClassLoader                         : 9669B
Loader org.gradle.internal.classloader.VisitableURLClassLoader$InstrumentingVisitableURLClassLoader: 5373B

Classes loaded by more than one classloader:
Class Program                                                                         : loaded 3 times (x 70B)
Class org.gradle.internal.classpath.ClassPath                                         : loaded 2 times (x 68B)
Class org.gradle.api.internal.classpath.DefaultModuleRegistry                         : loaded 2 times (x 84B)
Class Settings_gradle$1$1                                                             : loaded 2 times (x 72B)
Class org.gradle.api.Action                                                           : loaded 2 times (x 68B)
Class org.gradle.api.internal.DefaultClassPathProvider                                : loaded 2 times (x 74B)
Class org.gradle.internal.installation.GradleInstallation$1                           : loaded 2 times (x 73B)
Class org.gradle.internal.classloader.FilteringClassLoader                            : loaded 2 times (x 103B)
Class org.gradle.internal.classpath.DefaultClassPath$ImmutableUniqueList$Builder      : loaded 2 times (x 73B)
Class org.gradle.internal.classloader.ClassLoaderVisitor                              : loaded 2 times (x 74B)
Class org.gradle.internal.service.DefaultServiceLocator                               : loaded 2 times (x 81B)
Class org.gradle.internal.service.UnknownServiceException                             : loaded 2 times (x 81B)
Class org.gradle.internal.classloader.DefaultClassLoaderFactory                       : loaded 2 times (x 80B)
Class org.gradle.internal.classloader.VisitableURLClassLoader$Spec                    : loaded 2 times (x 72B)
Class org.gradle.api.GradleException                                                  : loaded 2 times (x 80B)
Class org.gradle.api.internal.classpath.ModuleRegistry                                : loaded 2 times (x 68B)
Class org.gradle.api.internal.ClassPathProvider                                       : loaded 2 times (x 68B)
Class org.gradle.internal.classloader.ClasspathUtil$1                                 : loaded 2 times (x 74B)
Class org.gradle.internal.classloader.ClassLoaderFactory                              : loaded 2 times (x 68B)
Class org.gradle.api.internal.classpath.ManifestUtil                                  : loaded 2 times (x 69B)
Class org.gradle.api.specs.Spec                                                       : loaded 2 times (x 68B)
Class org.gradle.internal.IoActions                                                   : loaded 2 times (x 69B)
Class org.gradle.api.internal.classpath.EffectiveClassPath                            : loaded 2 times (x 88B)
Class org.gradle.internal.installation.CurrentGradleInstallation                      : loaded 2 times (x 71B)
Class org.gradle.internal.agents.InstrumentingClassLoader                             : loaded 2 times (x 68B)
Class org.gradle.internal.installation.CurrentGradleInstallationLocator               : loaded 2 times (x 69B)
Class org.gradle.api.internal.classpath.Module                                        : loaded 2 times (x 68B)
Class org.gradle.internal.service.CachingServiceLocator                               : loaded 2 times (x 80B)
Class org.gradle.internal.classpath.DefaultClassPath                                  : loaded 2 times (x 88B)
Class org.gradle.internal.classloader.SystemClassLoaderSpec                           : loaded 2 times (x 69B)
Class org.gradle.api.UncheckedIOException                                             : loaded 2 times (x 80B)
Class org.gradle.internal.installation.GradleInstallation                             : loaded 2 times (x 73B)
Class org.gradle.internal.classloader.ClasspathUtil                                   : loaded 2 times (x 69B)
Class org.gradle.api.internal.DefaultClassPathRegistry                                : loaded 2 times (x 74B)
Class org.gradle.api.internal.classpath.DefaultModuleRegistry$DefaultModule           : loaded 2 times (x 84B)
Class org.gradle.api.internal.classpath.UnknownModuleException                        : loaded 2 times (x 80B)
Class org.gradle.internal.service.ServiceLookupException                              : loaded 2 times (x 80B)
Class org.gradle.cache.GlobalCache                                                    : loaded 2 times (x 68B)
Class [Lorg.gradle.api.internal.ClassPathProvider;                                    : loaded 2 times (x 67B)
Class org.gradle.util.internal.GUtil                                                  : loaded 2 times (x 69B)
Class org.gradle.internal.classloader.ClassLoaderSpec                                 : loaded 2 times (x 69B)
Class org.gradle.internal.classloader.VisitableURLClassLoader                         : loaded 2 times (x 115B)
Class org.gradle.internal.Cast                                                        : loaded 2 times (x 69B)
Class org.gradle.api.internal.ClassPathRegistry                                       : loaded 2 times (x 68B)
Class org.gradle.internal.classloader.VisitableURLClassLoader$InstrumentingVisitableURLClassLoader: loaded 2 times (x 121B)
Class org.gradle.internal.classloader.ClassLoaderHierarchy                            : loaded 2 times (x 68B)
Class org.gradle.internal.InternalTransformer                                         : loaded 2 times (x 68B)
Class org.gradle.internal.service.ServiceLocator                                      : loaded 2 times (x 68B)
Class Settings_gradle$1                                                               : loaded 2 times (x 72B)
Class org.gradle.internal.classpath.DefaultClassPath$ImmutableUniqueList              : loaded 2 times (x 159B)
Class org.gradle.internal.classpath.TransformedClassPath                              : loaded 2 times (x 94B)
Class Settings_gradle                                                                 : loaded 2 times (x 126B)


---------------  S Y S T E M  ---------------

OS:
 Windows 10 , 64 bit Build 19041 (10.0.19041.4842)
OS uptime: 0 days 0:51 hours

CPU: total 12 (initial active 12) (12 cores per cpu, 2 threads per core) family 23 model 113 stepping 0 microcode 0x0, cx8, cmov, fxsr, ht, mmx, 3dnowpref, sse, sse2, sse3, ssse3, sse4a, sse4.1, sse4.2, popcnt, lzcnt, tsc, tscinvbit, avx, avx2, aes, clmul, bmi1, bmi2, adx, sha, fma, vzeroupper, clflush, clflushopt
Processor Information for all 12 processors :
  Max Mhz: 3793, Current Mhz: 3793, Mhz Limit: 3793

Memory: 4k page, system-wide physical 32716M (21463M free)
TotalPageFile size 42764M (AvailPageFile size 29696M)
current process WorkingSet (physical memory assigned to process): 357M, peak: 357M
current process commit charge ("private bytes"): 543M, peak: 677M

vm_info: OpenJDK 64-Bit Server VM (17.0.9+0--11185874) for windows-amd64 JRE (17.0.9+0--11185874), built on Dec  6 2023 18:57:44 by "androidbuild" with MS VC++ 16.10 / 16.11 (VS2019)

END.
